D:\SteamLibrary\steamapps\common\Half-Life\esf\
D:\SteamLibrary\steamapps\common\Half-Life\esf\1024_textscheme.txt
D:\SteamLibrary\steamapps\common\Half-Life\esf\1152_textscheme.txt
D:\SteamLibrary\steamapps\common\Half-Life\esf\1280_textscheme.txt
D:\SteamLibrary\steamapps\common\Half-Life\esf\1600_textscheme.txt
D:\SteamLibrary\steamapps\common\Half-Life\esf\320_textscheme.txt
D:\SteamLibrary\steamapps\common\Half-Life\esf\400_textscheme.txt
D:\SteamLibrary\steamapps\common\Half-Life\esf\512_textscheme.txt
D:\SteamLibrary\steamapps\common\Half-Life\esf\640_textscheme.txt
D:\SteamLibrary\steamapps\common\Half-Life\esf\800_textscheme.txt
D:\SteamLibrary\steamapps\common\Half-Life\esf\autoexec.cfg
D:\SteamLibrary\steamapps\common\Half-Life\esf\buffer.dat
D:\SteamLibrary\steamapps\common\Half-Life\esf\classes\
D:\SteamLibrary\steamapps\common\Half-Life\esf\classes\short_buu.txt
D:\SteamLibrary\steamapps\common\Half-Life\esf\classes\short_cell.txt
D:\SteamLibrary\steamapps\common\Half-Life\esf\classes\short_frieza.txt
D:\SteamLibrary\steamapps\common\Half-Life\esf\classes\short_gohan.txt
D:\SteamLibrary\steamapps\common\Half-Life\esf\classes\short_goku.txt
D:\SteamLibrary\steamapps\common\Half-Life\esf\classes\short_krillin.txt
D:\SteamLibrary\steamapps\common\Half-Life\esf\classes\short_piccolo.txt
D:\SteamLibrary\steamapps\common\Half-Life\esf\classes\short_randompc.txt
D:\SteamLibrary\steamapps\common\Half-Life\esf\classes\short_trunks.txt
D:\SteamLibrary\steamapps\common\Half-Life\esf\classes\short_vegeta.txt
D:\SteamLibrary\steamapps\common\Half-Life\esf\cl_dlls\
D:\SteamLibrary\steamapps\common\Half-Life\esf\cl_dlls\client.dll
D:\SteamLibrary\steamapps\common\Half-Life\esf\cl_dlls\fmod.dll
D:\SteamLibrary\steamapps\common\Half-Life\esf\commandmenu.txt
D:\SteamLibrary\steamapps\common\Half-Life\esf\config.cfg
D:\SteamLibrary\steamapps\common\Half-Life\esf\custom.hpk
D:\SteamLibrary\steamapps\common\Half-Life\esf\delta.lst
D:\SteamLibrary\steamapps\common\Half-Life\esf\dlls\
D:\SteamLibrary\steamapps\common\Half-Life\esf\dlls\hl.dll
D:\SteamLibrary\steamapps\common\Half-Life\esf\esf.ico
D:\SteamLibrary\steamapps\common\Half-Life\esf\esf.wad
D:\SteamLibrary\steamapps\common\Half-Life\esf\esf_bot\
D:\SteamLibrary\steamapps\common\Half-Life\esf\esf_bot\bot.cfg
D:\SteamLibrary\steamapps\common\Half-Life\esf\esf_bot\botactivator.exe
D:\SteamLibrary\steamapps\common\Half-Life\esf\esf_bot\BotEdit.exe
D:\SteamLibrary\steamapps\common\Half-Life\esf\esf_bot\bot_names.txt
D:\SteamLibrary\steamapps\common\Half-Life\esf\esf_bot\bot_personality.cfg
D:\SteamLibrary\steamapps\common\Half-Life\esf\esf_bot\esf_bot.dll
D:\SteamLibrary\steamapps\common\Half-Life\esf\esf_bot\esf_bot_chat.txt
D:\SteamLibrary\steamapps\common\Half-Life\esf\esf_bot\esf_bot_manual\
D:\SteamLibrary\steamapps\common\Half-Life\esf\esf_bot\esf_bot_manual\about.htm
D:\SteamLibrary\steamapps\common\Half-Life\esf\esf_bot\esf_bot_manual\advanced.htm
D:\SteamLibrary\steamapps\common\Half-Life\esf\esf_bot\esf_bot_manual\basics.htm
D:\SteamLibrary\steamapps\common\Half-Life\esf\esf_bot\esf_bot_manual\contact.htm
D:\SteamLibrary\steamapps\common\Half-Life\esf\esf_bot\esf_bot_manual\credits.htm
D:\SteamLibrary\steamapps\common\Half-Life\esf\esf_bot\esf_bot_manual\ESF Bot 4.0 Documentation.htm
D:\SteamLibrary\steamapps\common\Half-Life\esf\esf_bot\esf_bot_manual\ESFBot-Manual.htm
D:\SteamLibrary\steamapps\common\Half-Life\esf\esf_bot\esf_bot_manual\FAQ.htm
D:\SteamLibrary\steamapps\common\Half-Life\esf\esf_bot\esf_bot_manual\history.htm
D:\SteamLibrary\steamapps\common\Half-Life\esf\esf_bot\esf_bot_manual\images\
D:\SteamLibrary\steamapps\common\Half-Life\esf\esf_bot\esf_bot_manual\images\background.jpg
D:\SteamLibrary\steamapps\common\Half-Life\esf\esf_bot\esf_bot_manual\images\backgroundforlogo.jpg
D:\SteamLibrary\steamapps\common\Half-Life\esf\esf_bot\esf_bot_manual\images\botmenu-cmdmenu.jpg
D:\SteamLibrary\steamapps\common\Half-Life\esf\esf_bot\esf_bot_manual\images\botmenu-menu.jpg
D:\SteamLibrary\steamapps\common\Half-Life\esf\esf_bot\esf_bot_manual\images\logo.jpg
D:\SteamLibrary\steamapps\common\Half-Life\esf\esf_bot\esf_bot_manual\images\navbarbackground.jpg
D:\SteamLibrary\steamapps\common\Half-Life\esf\esf_bot\esf_bot_manual\images\vr.gif
D:\SteamLibrary\steamapps\common\Half-Life\esf\esf_bot\esf_bot_manual\installation.htm
D:\SteamLibrary\steamapps\common\Half-Life\esf\esf_bot\esf_bot_manual\navbar.htm
D:\SteamLibrary\steamapps\common\Half-Life\esf\esf_bot\esf_bot_manual\toplogo.htm
D:\SteamLibrary\steamapps\common\Half-Life\esf\esf_bot\esf_bot_waypoint.txt
D:\SteamLibrary\steamapps\common\Half-Life\esf\esf_bot\ingame_help.txt
D:\SteamLibrary\steamapps\common\Half-Life\esf\esf_bot\sbot.cfg
D:\SteamLibrary\steamapps\common\Half-Life\esf\esf_bot\SBotEdit.exe
D:\SteamLibrary\steamapps\common\Half-Life\esf\esf_bot\skill.cfg
D:\SteamLibrary\steamapps\common\Half-Life\esf\esf_bot\waypoints\
D:\SteamLibrary\steamapps\common\Half-Life\esf\esf_bot\waypoints\esf_battlearena.ESF_wpt
D:\SteamLibrary\steamapps\common\Half-Life\esf\esf_bot\waypoints\esf_bot_waypoint.txt
D:\SteamLibrary\steamapps\common\Half-Life\esf\events\
D:\SteamLibrary\steamapps\common\Half-Life\esf\events\meleesounds.sc
D:\SteamLibrary\steamapps\common\Half-Life\esf\game.cfg
D:\SteamLibrary\steamapps\common\Half-Life\esf\game.ico
D:\SteamLibrary\steamapps\common\Half-Life\esf\GameServerConfig.vdf
D:\SteamLibrary\steamapps\common\Half-Life\esf\gfx\
D:\SteamLibrary\steamapps\common\Half-Life\esf\gfx\detail\
D:\SteamLibrary\steamapps\common\Half-Life\esf\gfx\detail\bark.tga
D:\SteamLibrary\steamapps\common\Half-Life\esf\gfx\detail\bark2.tga
D:\SteamLibrary\steamapps\common\Half-Life\esf\gfx\detail\detail005.tga
D:\SteamLibrary\steamapps\common\Half-Life\esf\gfx\detail\detail008.tga
D:\SteamLibrary\steamapps\common\Half-Life\esf\gfx\env\
D:\SteamLibrary\steamapps\common\Half-Life\esf\gfx\env\2namekbk.tga
D:\SteamLibrary\steamapps\common\Half-Life\esf\gfx\env\2namekdn.tga
D:\SteamLibrary\steamapps\common\Half-Life\esf\gfx\env\2namekft.tga
D:\SteamLibrary\steamapps\common\Half-Life\esf\gfx\env\2nameklf.tga
D:\SteamLibrary\steamapps\common\Half-Life\esf\gfx\env\2namekrt.tga
D:\SteamLibrary\steamapps\common\Half-Life\esf\gfx\env\2namekup.tga
D:\SteamLibrary\steamapps\common\Half-Life\esf\gfx\env\c2nitebk.tga
D:\SteamLibrary\steamapps\common\Half-Life\esf\gfx\env\c2nitedn.tga
D:\SteamLibrary\steamapps\common\Half-Life\esf\gfx\env\c2niteft.tga
D:\SteamLibrary\steamapps\common\Half-Life\esf\gfx\env\c2nitelf.tga
D:\SteamLibrary\steamapps\common\Half-Life\esf\gfx\env\c2nitert.tga
D:\SteamLibrary\steamapps\common\Half-Life\esf\gfx\env\c2niteup.tga
D:\SteamLibrary\steamapps\common\Half-Life\esf\gfx\env\darkhollow256_bk.tga
D:\SteamLibrary\steamapps\common\Half-Life\esf\gfx\env\darkhollow256_dn.tga
D:\SteamLibrary\steamapps\common\Half-Life\esf\gfx\env\darkhollow256_ft.tga
D:\SteamLibrary\steamapps\common\Half-Life\esf\gfx\env\darkhollow256_lf.tga
D:\SteamLibrary\steamapps\common\Half-Life\esf\gfx\env\darkhollow256_rt.tga
D:\SteamLibrary\steamapps\common\Half-Life\esf\gfx\env\darkhollow256_up.tga
D:\SteamLibrary\steamapps\common\Half-Life\esf\gfx\env\dashnight256bk.tga
D:\SteamLibrary\steamapps\common\Half-Life\esf\gfx\env\dashnight256dn.tga
D:\SteamLibrary\steamapps\common\Half-Life\esf\gfx\env\dashnight256ft.tga
D:\SteamLibrary\steamapps\common\Half-Life\esf\gfx\env\dashnight256lf.tga
D:\SteamLibrary\steamapps\common\Half-Life\esf\gfx\env\dashnight256rt.tga
D:\SteamLibrary\steamapps\common\Half-Life\esf\gfx\env\dashnight256up.tga
D:\SteamLibrary\steamapps\common\Half-Life\esf\gfx\env\drkgbk.tga
D:\SteamLibrary\steamapps\common\Half-Life\esf\gfx\env\drkgdn.tga
D:\SteamLibrary\steamapps\common\Half-Life\esf\gfx\env\drkgft.tga
D:\SteamLibrary\steamapps\common\Half-Life\esf\gfx\env\drkglf.tga
D:\SteamLibrary\steamapps\common\Half-Life\esf\gfx\env\drkgrt.tga
D:\SteamLibrary\steamapps\common\Half-Life\esf\gfx\env\drkgup.tga
D:\SteamLibrary\steamapps\common\Half-Life\esf\gfx\env\forestbk.tga
D:\SteamLibrary\steamapps\common\Half-Life\esf\gfx\env\forestdn.tga
D:\SteamLibrary\steamapps\common\Half-Life\esf\gfx\env\forestft.tga
D:\SteamLibrary\steamapps\common\Half-Life\esf\gfx\env\forestlf.tga
D:\SteamLibrary\steamapps\common\Half-Life\esf\gfx\env\forestrt.tga
D:\SteamLibrary\steamapps\common\Half-Life\esf\gfx\env\forestup.tga
D:\SteamLibrary\steamapps\common\Half-Life\esf\gfx\env\grassybk.tga
D:\SteamLibrary\steamapps\common\Half-Life\esf\gfx\env\grassydn.tga
D:\SteamLibrary\steamapps\common\Half-Life\esf\gfx\env\grassyft.tga
D:\SteamLibrary\steamapps\common\Half-Life\esf\gfx\env\grassylf.tga
D:\SteamLibrary\steamapps\common\Half-Life\esf\gfx\env\grassyrt.tga
D:\SteamLibrary\steamapps\common\Half-Life\esf\gfx\env\grassyup.tga
D:\SteamLibrary\steamapps\common\Half-Life\esf\gfx\env\grnplsnntbk.tga
D:\SteamLibrary\steamapps\common\Half-Life\esf\gfx\env\grnplsnntdn.tga
D:\SteamLibrary\steamapps\common\Half-Life\esf\gfx\env\grnplsnntft.tga
D:\SteamLibrary\steamapps\common\Half-Life\esf\gfx\env\grnplsnntlf.tga
D:\SteamLibrary\steamapps\common\Half-Life\esf\gfx\env\grnplsnntrt.tga
D:\SteamLibrary\steamapps\common\Half-Life\esf\gfx\env\grnplsnntup.tga
D:\SteamLibrary\steamapps\common\Half-Life\esf\gfx\env\null_hill256_bk.tga
D:\SteamLibrary\steamapps\common\Half-Life\esf\gfx\env\null_hill256_dn.tga
D:\SteamLibrary\steamapps\common\Half-Life\esf\gfx\env\null_hill256_ft.tga
D:\SteamLibrary\steamapps\common\Half-Life\esf\gfx\env\null_hill256_lf.tga
D:\SteamLibrary\steamapps\common\Half-Life\esf\gfx\env\null_hill256_rt.tga
D:\SteamLibrary\steamapps\common\Half-Life\esf\gfx\env\null_hill256_up.tga
D:\SteamLibrary\steamapps\common\Half-Life\esf\gfx\env\Starsbk.tga
D:\SteamLibrary\steamapps\common\Half-Life\esf\gfx\env\Starsdn.tga
D:\SteamLibrary\steamapps\common\Half-Life\esf\gfx\env\Starsft.tga
D:\SteamLibrary\steamapps\common\Half-Life\esf\gfx\env\Starslf.tga
D:\SteamLibrary\steamapps\common\Half-Life\esf\gfx\env\Starsrt.tga
D:\SteamLibrary\steamapps\common\Half-Life\esf\gfx\env\Starsup.tga
D:\SteamLibrary\steamapps\common\Half-Life\esf\gfx\env\stratosphere256_bk.tga
D:\SteamLibrary\steamapps\common\Half-Life\esf\gfx\env\stratosphere256_dn.tga
D:\SteamLibrary\steamapps\common\Half-Life\esf\gfx\env\stratosphere256_ft.tga
D:\SteamLibrary\steamapps\common\Half-Life\esf\gfx\env\stratosphere256_lf.tga
D:\SteamLibrary\steamapps\common\Half-Life\esf\gfx\env\stratosphere256_rt.tga
D:\SteamLibrary\steamapps\common\Half-Life\esf\gfx\env\stratosphere256_up.tga
D:\SteamLibrary\steamapps\common\Half-Life\esf\gfx\shell\
D:\SteamLibrary\steamapps\common\Half-Life\esf\gfx\shell\btns_main.bmp
D:\SteamLibrary\steamapps\common\Half-Life\esf\gfx\shell\btns_main_def.bmp
D:\SteamLibrary\steamapps\common\Half-Life\esf\gfx\shell\gamma.bmp
D:\SteamLibrary\steamapps\common\Half-Life\esf\gfx\shell\head_advanced.bmp
D:\SteamLibrary\steamapps\common\Half-Life\esf\gfx\shell\head_advoanced.bmp
D:\SteamLibrary\steamapps\common\Half-Life\esf\gfx\shell\head_audio.bmp
D:\SteamLibrary\steamapps\common\Half-Life\esf\gfx\shell\head_config.bmp
D:\SteamLibrary\steamapps\common\Half-Life\esf\gfx\shell\head_controls.bmp
D:\SteamLibrary\steamapps\common\Half-Life\esf\gfx\shell\head_creategame.bmp
D:\SteamLibrary\steamapps\common\Half-Life\esf\gfx\shell\head_createroom.bmp
D:\SteamLibrary\steamapps\common\Half-Life\esf\gfx\shell\head_custom.bmp
D:\SteamLibrary\steamapps\common\Half-Life\esf\gfx\shell\head_customize.bmp
D:\SteamLibrary\steamapps\common\Half-Life\esf\gfx\shell\head_filter.bmp
D:\SteamLibrary\steamapps\common\Half-Life\esf\gfx\shell\head_gameopts.bmp
D:\SteamLibrary\steamapps\common\Half-Life\esf\gfx\shell\head_gore.bmp
D:\SteamLibrary\steamapps\common\Half-Life\esf\gfx\shell\head_inetgames.bmp
D:\SteamLibrary\steamapps\common\Half-Life\esf\gfx\shell\head_keyboard.bmp
D:\SteamLibrary\steamapps\common\Half-Life\esf\gfx\shell\head_lan.bmp
D:\SteamLibrary\steamapps\common\Half-Life\esf\gfx\shell\head_load.bmp
D:\SteamLibrary\steamapps\common\Half-Life\esf\gfx\shell\head_multi.bmp
D:\SteamLibrary\steamapps\common\Half-Life\esf\gfx\shell\head_newgame.bmp
D:\SteamLibrary\steamapps\common\Half-Life\esf\gfx\shell\head_readme.bmp
D:\SteamLibrary\steamapps\common\Half-Life\esf\gfx\shell\head_room.bmp
D:\SteamLibrary\steamapps\common\Half-Life\esf\gfx\shell\head_rooms.bmp
D:\SteamLibrary\steamapps\common\Half-Life\esf\gfx\shell\head_save.bmp
D:\SteamLibrary\steamapps\common\Half-Life\esf\gfx\shell\head_saveload.bmp
D:\SteamLibrary\steamapps\common\Half-Life\esf\gfx\shell\head_single.bmp
D:\SteamLibrary\steamapps\common\Half-Life\esf\gfx\shell\head_video.bmp
D:\SteamLibrary\steamapps\common\Half-Life\esf\gfx\shell\head_vidmodes.bmp
D:\SteamLibrary\steamapps\common\Half-Life\esf\gfx\shell\head_vidoptions.bmp
D:\SteamLibrary\steamapps\common\Half-Life\esf\gfx\shell\kb_act.lst
D:\SteamLibrary\steamapps\common\Half-Life\esf\gfx\shell\kb_def.lst
D:\SteamLibrary\steamapps\common\Half-Life\esf\gfx\shell\kb_keys.lst
D:\SteamLibrary\steamapps\common\Half-Life\esf\gfx\shell\rock022-b.bmp
D:\SteamLibrary\steamapps\common\Half-Life\esf\gfx\shell\splash.bmp
D:\SteamLibrary\steamapps\common\Half-Life\esf\gfx\shell\Strings.lst
D:\SteamLibrary\steamapps\common\Half-Life\esf\gfx\vgui\
D:\SteamLibrary\steamapps\common\Half-Life\esf\gfx\vgui\640_buuevil.tga
D:\SteamLibrary\steamapps\common\Half-Life\esf\gfx\vgui\640_buugood.tga
D:\SteamLibrary\steamapps\common\Half-Life\esf\gfx\vgui\640_cellevil.tga
D:\SteamLibrary\steamapps\common\Half-Life\esf\gfx\vgui\640_cellgood.tga
D:\SteamLibrary\steamapps\common\Half-Life\esf\gfx\vgui\640_friezaevil.tga
D:\SteamLibrary\steamapps\common\Half-Life\esf\gfx\vgui\640_friezagood.tga
D:\SteamLibrary\steamapps\common\Half-Life\esf\gfx\vgui\640_gohanevil.tga
D:\SteamLibrary\steamapps\common\Half-Life\esf\gfx\vgui\640_gohangood.tga
D:\SteamLibrary\steamapps\common\Half-Life\esf\gfx\vgui\640_gokuevil.tga
D:\SteamLibrary\steamapps\common\Half-Life\esf\gfx\vgui\640_gokugood.tga
D:\SteamLibrary\steamapps\common\Half-Life\esf\gfx\vgui\640_krillinevil.tga
D:\SteamLibrary\steamapps\common\Half-Life\esf\gfx\vgui\640_krillingood.tga
D:\SteamLibrary\steamapps\common\Half-Life\esf\gfx\vgui\640_piccoloevil.tga
D:\SteamLibrary\steamapps\common\Half-Life\esf\gfx\vgui\640_piccologood.tga
D:\SteamLibrary\steamapps\common\Half-Life\esf\gfx\vgui\640_randompc.tga
D:\SteamLibrary\steamapps\common\Half-Life\esf\gfx\vgui\640_randompcevil.tga
D:\SteamLibrary\steamapps\common\Half-Life\esf\gfx\vgui\640_randompcgood.tga
D:\SteamLibrary\steamapps\common\Half-Life\esf\gfx\vgui\640_speaker1.tga
D:\SteamLibrary\steamapps\common\Half-Life\esf\gfx\vgui\640_speaker2.tga
D:\SteamLibrary\steamapps\common\Half-Life\esf\gfx\vgui\640_speaker3.tga
D:\SteamLibrary\steamapps\common\Half-Life\esf\gfx\vgui\640_speaker4.tga
D:\SteamLibrary\steamapps\common\Half-Life\esf\gfx\vgui\640_trunksevil.tga
D:\SteamLibrary\steamapps\common\Half-Life\esf\gfx\vgui\640_trunksgood.tga
D:\SteamLibrary\steamapps\common\Half-Life\esf\gfx\vgui\640_vegetaevil.tga
D:\SteamLibrary\steamapps\common\Half-Life\esf\gfx\vgui\640_vegetagood.tga
D:\SteamLibrary\steamapps\common\Half-Life\esf\gfx\vgui\640_voiceblocked.tga
D:\SteamLibrary\steamapps\common\Half-Life\esf\gfx\vgui\icntlk_pl.tga
D:\SteamLibrary\steamapps\common\Half-Life\esf\gfx\vgui\icntlk_squelch.tga
D:\SteamLibrary\steamapps\common\Half-Life\esf\gfx\vgui\icntlk_sv.tga
D:\SteamLibrary\steamapps\common\Half-Life\esf\gfx\vgui\speaker4.tga
D:\SteamLibrary\steamapps\common\Half-Life\esf\halflife-esf.fgd
D:\SteamLibrary\steamapps\common\Half-Life\esf\install.log
D:\SteamLibrary\steamapps\common\Half-Life\esf\liblist.gam
D:\SteamLibrary\steamapps\common\Half-Life\esf\linuxdlls\
D:\SteamLibrary\steamapps\common\Half-Life\esf\linuxdlls\hl_i386.so
D:\SteamLibrary\steamapps\common\Half-Life\esf\listenserver.cfg
D:\SteamLibrary\steamapps\common\Half-Life\esf\logos\
D:\SteamLibrary\steamapps\common\Half-Life\esf\logos\remapped.bmp
D:\SteamLibrary\steamapps\common\Half-Life\esf\manual\
D:\SteamLibrary\steamapps\common\Half-Life\esf\manual\Images\
D:\SteamLibrary\steamapps\common\Half-Life\esf\manual\Images\advmelee.gif
D:\SteamLibrary\steamapps\common\Half-Life\esf\manual\Images\afterimage.gif
D:\SteamLibrary\steamapps\common\Half-Life\esf\manual\Images\arrows.gif
D:\SteamLibrary\steamapps\common\Half-Life\esf\manual\Images\autopunch.gif
D:\SteamLibrary\steamapps\common\Half-Life\esf\manual\Images\banner.png
D:\SteamLibrary\steamapps\common\Half-Life\esf\manual\Images\bendybeams.gif
D:\SteamLibrary\steamapps\common\Half-Life\esf\manual\Images\blob.gif
D:\SteamLibrary\steamapps\common\Half-Life\esf\manual\Images\bs.gif
D:\SteamLibrary\steamapps\common\Half-Life\esf\manual\Images\changeform.png
D:\SteamLibrary\steamapps\common\Half-Life\esf\manual\Images\charge.gif
D:\SteamLibrary\steamapps\common\Half-Life\esf\manual\Images\greenarrows.gif
D:\SteamLibrary\steamapps\common\Half-Life\esf\manual\Images\hud.gif
D:\SteamLibrary\steamapps\common\Half-Life\esf\manual\Images\keyboard.gif
D:\SteamLibrary\steamapps\common\Half-Life\esf\manual\Images\mixed.gif
D:\SteamLibrary\steamapps\common\Half-Life\esf\manual\Images\phil.jpg
D:\SteamLibrary\steamapps\common\Half-Life\esf\manual\Images\radar.gif
D:\SteamLibrary\steamapps\common\Half-Life\esf\manual\Images\redarrows.gif
D:\SteamLibrary\steamapps\common\Half-Life\esf\manual\Images\steam.jpg
D:\SteamLibrary\steamapps\common\Half-Life\esf\manual\Images\strugglewin.gif
D:\SteamLibrary\steamapps\common\Half-Life\esf\manual\Images\stuck.gif
D:\SteamLibrary\steamapps\common\Half-Life\esf\manual\Images\swoop.gif
D:\SteamLibrary\steamapps\common\Half-Life\esf\manual\Images\throwing.gif
D:\SteamLibrary\steamapps\common\Half-Life\esf\manual\Images\won.jpg
D:\SteamLibrary\steamapps\common\Half-Life\esf\manual\left.htm
D:\SteamLibrary\steamapps\common\Half-Life\esf\manual\manualR1.htm
D:\SteamLibrary\steamapps\common\Half-Life\esf\manual\right.htm
D:\SteamLibrary\steamapps\common\Half-Life\esf\mapcycle.txt
D:\SteamLibrary\steamapps\common\Half-Life\esf\maps\
D:\SteamLibrary\steamapps\common\Half-Life\esf\maps\esf_arrival.bsp
D:\SteamLibrary\steamapps\common\Half-Life\esf\maps\esf_arrival.txt
D:\SteamLibrary\steamapps\common\Half-Life\esf\maps\esf_battlearena.bsp
D:\SteamLibrary\steamapps\common\Half-Life\esf\maps\esf_BattleArena.txt
D:\SteamLibrary\steamapps\common\Half-Life\esf\maps\esf_canyon.bsp
D:\SteamLibrary\steamapps\common\Half-Life\esf\maps\esf_cell_games.bsp
D:\SteamLibrary\steamapps\common\Half-Life\esf\maps\esf_cell_games_night.bsp
D:\SteamLibrary\steamapps\common\Half-Life\esf\maps\esf_city.bsp
D:\SteamLibrary\steamapps\common\Half-Life\esf\maps\esf_gero.bsp
D:\SteamLibrary\steamapps\common\Half-Life\esf\maps\esf_gero.txt
D:\SteamLibrary\steamapps\common\Half-Life\esf\maps\esf_gero_night.bsp
D:\SteamLibrary\steamapps\common\Half-Life\esf\maps\esf_gero_night.txt
D:\SteamLibrary\steamapps\common\Half-Life\esf\maps\esf_nameks_revival.bsp
D:\SteamLibrary\steamapps\common\Half-Life\esf\maps\esf_nameks_revival.txt
D:\SteamLibrary\steamapps\common\Half-Life\esf\maps\esf_riverside.bsp
D:\SteamLibrary\steamapps\common\Half-Life\esf\maps\esf_rosat.bsp
D:\SteamLibrary\steamapps\common\Half-Life\esf\maps\esf_ToM.bsp
D:\SteamLibrary\steamapps\common\Half-Life\esf\maps\esf_ToM_detail.txt
D:\SteamLibrary\steamapps\common\Half-Life\esf\media\
D:\SteamLibrary\steamapps\common\Half-Life\esf\media\gamestartup.mp3
D:\SteamLibrary\steamapps\common\Half-Life\esf\media\launch_dnmenu1.wav
D:\SteamLibrary\steamapps\common\Half-Life\esf\media\launch_select1.wav
D:\SteamLibrary\steamapps\common\Half-Life\esf\media\launch_select2.wav
D:\SteamLibrary\steamapps\common\Half-Life\esf\media\launch_upmenu1.wav
D:\SteamLibrary\steamapps\common\Half-Life\esf\media\logo.avi
D:\SteamLibrary\steamapps\common\Half-Life\esf\models\
D:\SteamLibrary\steamapps\common\Half-Life\esf\models\agibs.mdl
D:\SteamLibrary\steamapps\common\Half-Life\esf\models\arrival_rck01.mdl
D:\SteamLibrary\steamapps\common\Half-Life\esf\models\arrival_rck02.mdl
D:\SteamLibrary\steamapps\common\Half-Life\esf\models\arrival_rck03.mdl
D:\SteamLibrary\steamapps\common\Half-Life\esf\models\arrival_rck04.mdl
D:\SteamLibrary\steamapps\common\Half-Life\esf\models\aura.mdl
D:\SteamLibrary\steamapps\common\Half-Life\esf\models\aura.wrl
D:\SteamLibrary\steamapps\common\Half-Life\esf\models\aura2.wrl
D:\SteamLibrary\steamapps\common\Half-Life\esf\models\aurabend.mdl
D:\SteamLibrary\steamapps\common\Half-Life\esf\models\auralow.wrl
D:\SteamLibrary\steamapps\common\Half-Life\esf\models\bodypart.mdl
D:\SteamLibrary\steamapps\common\Half-Life\esf\models\bodyparts\
D:\SteamLibrary\steamapps\common\Half-Life\esf\models\bodyparts\cell\
D:\SteamLibrary\steamapps\common\Half-Life\esf\models\bodyparts\cell\slice.mdl
D:\SteamLibrary\steamapps\common\Half-Life\esf\models\bodyparts\cell2\
D:\SteamLibrary\steamapps\common\Half-Life\esf\models\bodyparts\cell2\slice.mdl
D:\SteamLibrary\steamapps\common\Half-Life\esf\models\bodyparts\evilbuu\
D:\SteamLibrary\steamapps\common\Half-Life\esf\models\bodyparts\evilbuu\slice.mdl
D:\SteamLibrary\steamapps\common\Half-Life\esf\models\bodyparts\fatbuu\
D:\SteamLibrary\steamapps\common\Half-Life\esf\models\bodyparts\fatbuu\slice.mdl
D:\SteamLibrary\steamapps\common\Half-Life\esf\models\bodyparts\frieza\
D:\SteamLibrary\steamapps\common\Half-Life\esf\models\bodyparts\frieza\slice.mdl
D:\SteamLibrary\steamapps\common\Half-Life\esf\models\bodyparts\frieza2\
D:\SteamLibrary\steamapps\common\Half-Life\esf\models\bodyparts\frieza2\slice.mdl
D:\SteamLibrary\steamapps\common\Half-Life\esf\models\bodyparts\gohan\
D:\SteamLibrary\steamapps\common\Half-Life\esf\models\bodyparts\gohan\slice.mdl
D:\SteamLibrary\steamapps\common\Half-Life\esf\models\bodyparts\goku\
D:\SteamLibrary\steamapps\common\Half-Life\esf\models\bodyparts\goku\slice.mdl
D:\SteamLibrary\steamapps\common\Half-Life\esf\models\bodyparts\krillin\
D:\SteamLibrary\steamapps\common\Half-Life\esf\models\bodyparts\krillin\slice.mdl
D:\SteamLibrary\steamapps\common\Half-Life\esf\models\bodyparts\krillin2\
D:\SteamLibrary\steamapps\common\Half-Life\esf\models\bodyparts\krillin2\slice.mdl
D:\SteamLibrary\steamapps\common\Half-Life\esf\models\bodyparts\piccolo\
D:\SteamLibrary\steamapps\common\Half-Life\esf\models\bodyparts\piccolo\slice.mdl
D:\SteamLibrary\steamapps\common\Half-Life\esf\models\bodyparts\piccolo2\
D:\SteamLibrary\steamapps\common\Half-Life\esf\models\bodyparts\piccolo2\slice.mdl
D:\SteamLibrary\steamapps\common\Half-Life\esf\models\bodyparts\ssjgohan\
D:\SteamLibrary\steamapps\common\Half-Life\esf\models\bodyparts\ssjgohan\slice.mdl
D:\SteamLibrary\steamapps\common\Half-Life\esf\models\bodyparts\ssjgoku\
D:\SteamLibrary\steamapps\common\Half-Life\esf\models\bodyparts\ssjgoku\slice.mdl
D:\SteamLibrary\steamapps\common\Half-Life\esf\models\bodyparts\ssjtrunks\
D:\SteamLibrary\steamapps\common\Half-Life\esf\models\bodyparts\ssjtrunks\slice.mdl
D:\SteamLibrary\steamapps\common\Half-Life\esf\models\bodyparts\ssjvegeta\
D:\SteamLibrary\steamapps\common\Half-Life\esf\models\bodyparts\ssjvegeta\slice.mdl
D:\SteamLibrary\steamapps\common\Half-Life\esf\models\bodyparts\trunks\
D:\SteamLibrary\steamapps\common\Half-Life\esf\models\bodyparts\trunks\slice.mdl
D:\SteamLibrary\steamapps\common\Half-Life\esf\models\bodyparts\vegeta\
D:\SteamLibrary\steamapps\common\Half-Life\esf\models\bodyparts\vegeta\slice.mdl
D:\SteamLibrary\steamapps\common\Half-Life\esf\models\bodypart_large.mdl
D:\SteamLibrary\steamapps\common\Half-Life\esf\models\bodypart_medium.mdl
D:\SteamLibrary\steamapps\common\Half-Life\esf\models\bodypart_small.mdl
D:\SteamLibrary\steamapps\common\Half-Life\esf\models\brck1.mdl
D:\SteamLibrary\steamapps\common\Half-Life\esf\models\brck2.mdl
D:\SteamLibrary\steamapps\common\Half-Life\esf\models\brck3.mdl
D:\SteamLibrary\steamapps\common\Half-Life\esf\models\brck4.mdl
D:\SteamLibrary\steamapps\common\Half-Life\esf\models\bridge.mdl
D:\SteamLibrary\steamapps\common\Half-Life\esf\models\cell_pne1.mdl
D:\SteamLibrary\steamapps\common\Half-Life\esf\models\cell_pne2.mdl
D:\SteamLibrary\steamapps\common\Half-Life\esf\models\cell_pne3.mdl
D:\SteamLibrary\steamapps\common\Half-Life\esf\models\cell_rck01.mdl
D:\SteamLibrary\steamapps\common\Half-Life\esf\models\cell_rck02.mdl
D:\SteamLibrary\steamapps\common\Half-Life\esf\models\cell_rck03.mdl
D:\SteamLibrary\steamapps\common\Half-Life\esf\models\cell_rck04.mdl
D:\SteamLibrary\steamapps\common\Half-Life\esf\models\chocolate.mdl
D:\SteamLibrary\steamapps\common\Half-Life\esf\models\cookie.mdl
D:\SteamLibrary\steamapps\common\Half-Life\esf\models\db1.mdl
D:\SteamLibrary\steamapps\common\Half-Life\esf\models\db2.mdl
D:\SteamLibrary\steamapps\common\Half-Life\esf\models\db3.mdl
D:\SteamLibrary\steamapps\common\Half-Life\esf\models\db4.mdl
D:\SteamLibrary\steamapps\common\Half-Life\esf\models\db5.mdl
D:\SteamLibrary\steamapps\common\Half-Life\esf\models\db6.mdl
D:\SteamLibrary\steamapps\common\Half-Life\esf\models\db7.mdl
D:\SteamLibrary\steamapps\common\Half-Life\esf\models\dead_rock01.mdl
D:\SteamLibrary\steamapps\common\Half-Life\esf\models\dead_rock02.mdl
D:\SteamLibrary\steamapps\common\Half-Life\esf\models\diamond.wrl
D:\SteamLibrary\steamapps\common\Half-Life\esf\models\diamond2.wrl
D:\SteamLibrary\steamapps\common\Half-Life\esf\models\disc.wrl
D:\SteamLibrary\steamapps\common\Half-Life\esf\models\dome.wrl
D:\SteamLibrary\steamapps\common\Half-Life\esf\models\donut.mdl
D:\SteamLibrary\steamapps\common\Half-Life\esf\models\evil.mdl
D:\SteamLibrary\steamapps\common\Half-Life\esf\models\explosion.wrl
D:\SteamLibrary\steamapps\common\Half-Life\esf\models\fern001.mdl
D:\SteamLibrary\steamapps\common\Half-Life\esf\models\good.mdl
D:\SteamLibrary\steamapps\common\Half-Life\esf\models\grass.mdl
D:\SteamLibrary\steamapps\common\Half-Life\esf\models\grass2.mdl
D:\SteamLibrary\steamapps\common\Half-Life\esf\models\guru.mdl
D:\SteamLibrary\steamapps\common\Half-Life\esf\models\guru_house.mdl
D:\SteamLibrary\steamapps\common\Half-Life\esf\models\halo.wrl
D:\SteamLibrary\steamapps\common\Half-Life\esf\models\hgibs.mdl
D:\SteamLibrary\steamapps\common\Half-Life\esf\models\kamipine.mdl
D:\SteamLibrary\steamapps\common\Half-Life\esf\models\namek.mdl
D:\SteamLibrary\steamapps\common\Half-Life\esf\models\namekl.mdl
D:\SteamLibrary\steamapps\common\Half-Life\esf\models\namekm.mdl
D:\SteamLibrary\steamapps\common\Half-Life\esf\models\namek_house1.mdl
D:\SteamLibrary\steamapps\common\Half-Life\esf\models\namek_house2.mdl
D:\SteamLibrary\steamapps\common\Half-Life\esf\models\namek_house3.mdl
D:\SteamLibrary\steamapps\common\Half-Life\esf\models\Nhouse.mdl
D:\SteamLibrary\steamapps\common\Half-Life\esf\models\nhouse2.mdl
D:\SteamLibrary\steamapps\common\Half-Life\esf\models\palm.mdl
D:\SteamLibrary\steamapps\common\Half-Life\esf\models\pine.mdl
D:\SteamLibrary\steamapps\common\Half-Life\esf\models\pine1.mdl
D:\SteamLibrary\steamapps\common\Half-Life\esf\models\player\
D:\SteamLibrary\steamapps\common\Half-Life\esf\models\player\cell\
D:\SteamLibrary\steamapps\common\Half-Life\esf\models\player\cell\cell.mdl
D:\SteamLibrary\steamapps\common\Half-Life\esf\models\player\cell2\
D:\SteamLibrary\steamapps\common\Half-Life\esf\models\player\cell2\cell2.mdl
D:\SteamLibrary\steamapps\common\Half-Life\esf\models\player\evilbuu\
D:\SteamLibrary\steamapps\common\Half-Life\esf\models\player\evilbuu\evilbuu.mdl
D:\SteamLibrary\steamapps\common\Half-Life\esf\models\player\fatbuu\
D:\SteamLibrary\steamapps\common\Half-Life\esf\models\player\fatbuu\fatbuu.mdl
D:\SteamLibrary\steamapps\common\Half-Life\esf\models\player\frieza\
D:\SteamLibrary\steamapps\common\Half-Life\esf\models\player\frieza\frieza.mdl
D:\SteamLibrary\steamapps\common\Half-Life\esf\models\player\frieza2\
D:\SteamLibrary\steamapps\common\Half-Life\esf\models\player\frieza2\frieza2.mdl
D:\SteamLibrary\steamapps\common\Half-Life\esf\models\player\gohan\
D:\SteamLibrary\steamapps\common\Half-Life\esf\models\player\gohan\gohan.mdl
D:\SteamLibrary\steamapps\common\Half-Life\esf\models\player\goku\
D:\SteamLibrary\steamapps\common\Half-Life\esf\models\player\goku\goku.mdl
D:\SteamLibrary\steamapps\common\Half-Life\esf\models\player\krillin\
D:\SteamLibrary\steamapps\common\Half-Life\esf\models\player\krillin\krillin.mdl
D:\SteamLibrary\steamapps\common\Half-Life\esf\models\player\krillin2\
D:\SteamLibrary\steamapps\common\Half-Life\esf\models\player\krillin2\krillin2.mdl
D:\SteamLibrary\steamapps\common\Half-Life\esf\models\player\piccolo\
D:\SteamLibrary\steamapps\common\Half-Life\esf\models\player\piccolo\piccolo.mdl
D:\SteamLibrary\steamapps\common\Half-Life\esf\models\player\piccolo2\
D:\SteamLibrary\steamapps\common\Half-Life\esf\models\player\piccolo2\piccolo2.mdl
D:\SteamLibrary\steamapps\common\Half-Life\esf\models\player\ssjgohan\
D:\SteamLibrary\steamapps\common\Half-Life\esf\models\player\ssjgohan\ssjgohan.mdl
D:\SteamLibrary\steamapps\common\Half-Life\esf\models\player\ssjgoku\
D:\SteamLibrary\steamapps\common\Half-Life\esf\models\player\ssjgoku\ssjgoku.mdl
D:\SteamLibrary\steamapps\common\Half-Life\esf\models\player\ssjtrunks\
D:\SteamLibrary\steamapps\common\Half-Life\esf\models\player\ssjtrunks\ssjtrunks.mdl
D:\SteamLibrary\steamapps\common\Half-Life\esf\models\player\ssjvegeta\
D:\SteamLibrary\steamapps\common\Half-Life\esf\models\player\ssjvegeta\ssjvegeta.mdl
D:\SteamLibrary\steamapps\common\Half-Life\esf\models\player\trunks\
D:\SteamLibrary\steamapps\common\Half-Life\esf\models\player\trunks\trunks.mdl
D:\SteamLibrary\steamapps\common\Half-Life\esf\models\player\vegeta\
D:\SteamLibrary\steamapps\common\Half-Life\esf\models\player\vegeta\vegeta.mdl
D:\SteamLibrary\steamapps\common\Half-Life\esf\models\player.mdl
D:\SteamLibrary\steamapps\common\Half-Life\esf\models\powerupaura.wrl
D:\SteamLibrary\steamapps\common\Half-Life\esf\models\p_db1.mdl
D:\SteamLibrary\steamapps\common\Half-Life\esf\models\p_db2.mdl
D:\SteamLibrary\steamapps\common\Half-Life\esf\models\p_db3.mdl
D:\SteamLibrary\steamapps\common\Half-Life\esf\models\p_db4.mdl
D:\SteamLibrary\steamapps\common\Half-Life\esf\models\p_db5.mdl
D:\SteamLibrary\steamapps\common\Half-Life\esf\models\p_db6.mdl
D:\SteamLibrary\steamapps\common\Half-Life\esf\models\p_db7.mdl
D:\SteamLibrary\steamapps\common\Half-Life\esf\models\p_test.mdl
D:\SteamLibrary\steamapps\common\Half-Life\esf\models\rock.wrl
D:\SteamLibrary\steamapps\common\Half-Life\esf\models\rocka.mdl
D:\SteamLibrary\steamapps\common\Half-Life\esf\models\rockb.mdl
D:\SteamLibrary\steamapps\common\Half-Life\esf\models\rockgibs.mdl
D:\SteamLibrary\steamapps\common\Half-Life\esf\models\rocks.mdl
D:\SteamLibrary\steamapps\common\Half-Life\esf\models\saiyan_pod.mdl
D:\SteamLibrary\steamapps\common\Half-Life\esf\models\saiyan_pod2.mdl
D:\SteamLibrary\steamapps\common\Half-Life\esf\models\shenlong.mdl
D:\SteamLibrary\steamapps\common\Half-Life\esf\models\sphere.wrl
D:\SteamLibrary\steamapps\common\Half-Life\esf\models\spherelow.wrl
D:\SteamLibrary\steamapps\common\Half-Life\esf\models\timecapsule.mdl
D:\SteamLibrary\steamapps\common\Half-Life\esf\models\timecapsuleglass.mdl
D:\SteamLibrary\steamapps\common\Half-Life\esf\models\w_destructodisc.mdl
D:\SteamLibrary\steamapps\common\Half-Life\esf\models\w_friezadisc.mdl
D:\SteamLibrary\steamapps\common\Half-Life\esf\models\w_sensubean.mdl
D:\SteamLibrary\steamapps\common\Half-Life\esf\models\w_sensubeanbag.mdl
D:\SteamLibrary\steamapps\common\Half-Life\esf\models\w_sensubeanbagT.mdl
D:\SteamLibrary\steamapps\common\Half-Life\esf\models\xen_plant9_1.mdl
D:\SteamLibrary\steamapps\common\Half-Life\esf\mp3\
D:\SteamLibrary\steamapps\common\Half-Life\esf\mp3\esf1.mp3
D:\SteamLibrary\steamapps\common\Half-Life\esf\mp3\esf2.mp3
D:\SteamLibrary\steamapps\common\Half-Life\esf\mp3\esf3.mp3
D:\SteamLibrary\steamapps\common\Half-Life\esf\mp3\esf4.mp3
D:\SteamLibrary\steamapps\common\Half-Life\esf\mp3\esf5.mp3
D:\SteamLibrary\steamapps\common\Half-Life\esf\mp3\esf6.mp3
D:\SteamLibrary\steamapps\common\Half-Life\esf\mp3\esf7.mp3
D:\SteamLibrary\steamapps\common\Half-Life\esf\mp3\esf8.mp3
D:\SteamLibrary\steamapps\common\Half-Life\esf\mp3\esf9.mp3
D:\SteamLibrary\steamapps\common\Half-Life\esf\mp3\paintthetownred.mp3
D:\SteamLibrary\steamapps\common\Half-Life\esf\mp3\playlist.def
D:\SteamLibrary\steamapps\common\Half-Life\esf\mp3\playlist.txt
D:\SteamLibrary\steamapps\common\Half-Life\esf\mp3\PlaylistEditor2_2.exe
D:\SteamLibrary\steamapps\common\Half-Life\esf\mp3\raining.mp3
D:\SteamLibrary\steamapps\common\Half-Life\esf\mp3\Rusticate - As The Sun Refuses To Rise.mp3
D:\SteamLibrary\steamapps\common\Half-Life\esf\mp3\Rusticate - Nowhere Fast.mp3
D:\SteamLibrary\steamapps\common\Half-Life\esf\mp3\Rusticate - Rearcover.mp3
D:\SteamLibrary\steamapps\common\Half-Life\esf\mp3\Rusticate - Seasons.mp3
D:\SteamLibrary\steamapps\common\Half-Life\esf\mp3\Rusticate - Trial of Courage.mp3
D:\SteamLibrary\steamapps\common\Half-Life\esf\mp3\satellite.mp3
D:\SteamLibrary\steamapps\common\Half-Life\esf\mp3\takeeverythingback.mp3
D:\SteamLibrary\steamapps\common\Half-Life\esf\mp3\threeweeks.mp3
D:\SteamLibrary\steamapps\common\Half-Life\esf\overviews\
D:\SteamLibrary\steamapps\common\Half-Life\esf\overviews\esf_arrival.tga
D:\SteamLibrary\steamapps\common\Half-Life\esf\overviews\esf_arrival.txt
D:\SteamLibrary\steamapps\common\Half-Life\esf\overviews\esf_battlearena.tga
D:\SteamLibrary\steamapps\common\Half-Life\esf\overviews\esf_battlearena.txt
D:\SteamLibrary\steamapps\common\Half-Life\esf\overviews\esf_canyon.tga
D:\SteamLibrary\steamapps\common\Half-Life\esf\overviews\esf_canyon.txt
D:\SteamLibrary\steamapps\common\Half-Life\esf\overviews\esf_cell_games.tga
D:\SteamLibrary\steamapps\common\Half-Life\esf\overviews\esf_cell_games.txt
D:\SteamLibrary\steamapps\common\Half-Life\esf\overviews\esf_cell_games_night.tga
D:\SteamLibrary\steamapps\common\Half-Life\esf\overviews\esf_cell_games_night.txt
D:\SteamLibrary\steamapps\common\Half-Life\esf\overviews\esf_city.tga
D:\SteamLibrary\steamapps\common\Half-Life\esf\overviews\esf_city.txt
D:\SteamLibrary\steamapps\common\Half-Life\esf\overviews\esf_gero.tga
D:\SteamLibrary\steamapps\common\Half-Life\esf\overviews\esf_gero.txt
D:\SteamLibrary\steamapps\common\Half-Life\esf\overviews\esf_gero_night.txt
D:\SteamLibrary\steamapps\common\Half-Life\esf\overviews\esf_giant_forest.tga
D:\SteamLibrary\steamapps\common\Half-Life\esf\overviews\esf_giant_forest.txt
D:\SteamLibrary\steamapps\common\Half-Life\esf\overviews\esf_nameks_revival.tga
D:\SteamLibrary\steamapps\common\Half-Life\esf\overviews\esf_nameks_revival.txt
D:\SteamLibrary\steamapps\common\Half-Life\esf\overviews\esf_riverside.tga
D:\SteamLibrary\steamapps\common\Half-Life\esf\overviews\esf_riverside.txt
D:\SteamLibrary\steamapps\common\Half-Life\esf\overviews\esf_rosat.tga
D:\SteamLibrary\steamapps\common\Half-Life\esf\overviews\esf_rosat.txt
D:\SteamLibrary\steamapps\common\Half-Life\esf\overviews\esf_ToM.tga
D:\SteamLibrary\steamapps\common\Half-Life\esf\overviews\esf_ToM.txt
D:\SteamLibrary\steamapps\common\Half-Life\esf\resource\
D:\SteamLibrary\steamapps\common\Half-Life\esf\resource\background\
D:\SteamLibrary\steamapps\common\Half-Life\esf\resource\background\640_splash_ld.tga
D:\SteamLibrary\steamapps\common\Half-Life\esf\resource\background\640_splash_lu.tga
D:\SteamLibrary\steamapps\common\Half-Life\esf\resource\background\640_splash_md.tga
D:\SteamLibrary\steamapps\common\Half-Life\esf\resource\background\640_splash_mu.tga
D:\SteamLibrary\steamapps\common\Half-Life\esf\resource\background\640_splash_rd.tga
D:\SteamLibrary\steamapps\common\Half-Life\esf\resource\background\640_splash_ru.tga
D:\SteamLibrary\steamapps\common\Half-Life\esf\resource\background\800_1_a.tga
D:\SteamLibrary\steamapps\common\Half-Life\esf\resource\background\800_1_b.tga
D:\SteamLibrary\steamapps\common\Half-Life\esf\resource\background\800_1_c.tga
D:\SteamLibrary\steamapps\common\Half-Life\esf\resource\background\800_1_d.tga
D:\SteamLibrary\steamapps\common\Half-Life\esf\resource\background\800_2_a.tga
D:\SteamLibrary\steamapps\common\Half-Life\esf\resource\background\800_2_b.tga
D:\SteamLibrary\steamapps\common\Half-Life\esf\resource\background\800_2_c.tga
D:\SteamLibrary\steamapps\common\Half-Life\esf\resource\background\800_2_d.tga
D:\SteamLibrary\steamapps\common\Half-Life\esf\resource\background\800_3_a.tga
D:\SteamLibrary\steamapps\common\Half-Life\esf\resource\background\800_3_b.tga
D:\SteamLibrary\steamapps\common\Half-Life\esf\resource\background\800_3_c.tga
D:\SteamLibrary\steamapps\common\Half-Life\esf\resource\background\800_3_d.tga
D:\SteamLibrary\steamapps\common\Half-Life\esf\resource\BackgroundLayout.txt
D:\SteamLibrary\steamapps\common\Half-Life\esf\resource\BackgroundLoadingLayout.txt
D:\SteamLibrary\steamapps\common\Half-Life\esf\resource\GameMenu.res
D:\SteamLibrary\steamapps\common\Half-Life\esf\resource\game_menu.tga
D:\SteamLibrary\steamapps\common\Half-Life\esf\resource\game_menu_mouseover.tga
D:\SteamLibrary\steamapps\common\Half-Life\esf\resource\logo_game.tga
D:\SteamLibrary\steamapps\common\Half-Life\esf\scripts\
D:\SteamLibrary\steamapps\common\Half-Life\esf\scripts\voicemodel.txt
D:\SteamLibrary\steamapps\common\Half-Life\esf\server.cfg
D:\SteamLibrary\steamapps\common\Half-Life\esf\settings.scr
D:\SteamLibrary\steamapps\common\Half-Life\esf\sound\
D:\SteamLibrary\steamapps\common\Half-Life\esf\sound\ambience\
D:\SteamLibrary\steamapps\common\Half-Life\esf\sound\ambience\desert1_lp.wav
D:\SteamLibrary\steamapps\common\Half-Life\esf\sound\ambience\kame_birds.wav
D:\SteamLibrary\steamapps\common\Half-Life\esf\sound\ambience\lightning01.wav
D:\SteamLibrary\steamapps\common\Half-Life\esf\sound\ambience\rain_c.wav
D:\SteamLibrary\steamapps\common\Half-Life\esf\sound\ambience\rockmoving.wav
D:\SteamLibrary\steamapps\common\Half-Life\esf\sound\ambience\thunder.wav
D:\SteamLibrary\steamapps\common\Half-Life\esf\sound\ambience\thunderclap.wav
D:\SteamLibrary\steamapps\common\Half-Life\esf\sound\ambience\thunderclap2.wav
D:\SteamLibrary\steamapps\common\Half-Life\esf\sound\ambience\thunderroll.wav
D:\SteamLibrary\steamapps\common\Half-Life\esf\sound\ambience\waterfall2.wav
D:\SteamLibrary\steamapps\common\Half-Life\esf\sound\buu\
D:\SteamLibrary\steamapps\common\Half-Life\esf\sound\buu\candyeat.wav
D:\SteamLibrary\steamapps\common\Half-Life\esf\sound\buu\death.wav
D:\SteamLibrary\steamapps\common\Half-Life\esf\sound\buu\mouthbeam.wav
D:\SteamLibrary\steamapps\common\Half-Life\esf\sound\buu\mouthbeam_charge.wav
D:\SteamLibrary\steamapps\common\Half-Life\esf\sound\buu\pain1.wav
D:\SteamLibrary\steamapps\common\Half-Life\esf\sound\buu\pain2.wav
D:\SteamLibrary\steamapps\common\Half-Life\esf\sound\buu\pain3.wav
D:\SteamLibrary\steamapps\common\Half-Life\esf\sound\buu\pain4.wav
D:\SteamLibrary\steamapps\common\Half-Life\esf\sound\buu\scream.wav
D:\SteamLibrary\steamapps\common\Half-Life\esf\sound\buu\scream2.wav
D:\SteamLibrary\steamapps\common\Half-Life\esf\sound\buu\trans.wav
D:\SteamLibrary\steamapps\common\Half-Life\esf\sound\buu\trans2.wav
D:\SteamLibrary\steamapps\common\Half-Life\esf\sound\cell\
D:\SteamLibrary\steamapps\common\Half-Life\esf\sound\cell\death.wav
D:\SteamLibrary\steamapps\common\Half-Life\esf\sound\cell\gallitgun.wav
D:\SteamLibrary\steamapps\common\Half-Life\esf\sound\cell\gallitgunfire.wav
D:\SteamLibrary\steamapps\common\Half-Life\esf\sound\cell\ha.wav
D:\SteamLibrary\steamapps\common\Half-Life\esf\sound\cell\kamehame.wav
D:\SteamLibrary\steamapps\common\Half-Life\esf\sound\cell\pain1.wav
D:\SteamLibrary\steamapps\common\Half-Life\esf\sound\cell\pain2.wav
D:\SteamLibrary\steamapps\common\Half-Life\esf\sound\cell\pain3.wav
D:\SteamLibrary\steamapps\common\Half-Life\esf\sound\cell\pain4.wav
D:\SteamLibrary\steamapps\common\Half-Life\esf\sound\cell\pscream.wav
D:\SteamLibrary\steamapps\common\Half-Life\esf\sound\cell\scream.wav
D:\SteamLibrary\steamapps\common\Half-Life\esf\sound\cell\scream2.wav
D:\SteamLibrary\steamapps\common\Half-Life\esf\sound\cell\solarflare.wav
D:\SteamLibrary\steamapps\common\Half-Life\esf\sound\cell\specialbeamcannon.wav
D:\SteamLibrary\steamapps\common\Half-Life\esf\sound\cell\trans.wav
D:\SteamLibrary\steamapps\common\Half-Life\esf\sound\cell\trans2.wav
D:\SteamLibrary\steamapps\common\Half-Life\esf\sound\cell2\
D:\SteamLibrary\steamapps\common\Half-Life\esf\sound\cell2\death.wav
D:\SteamLibrary\steamapps\common\Half-Life\esf\sound\cell2\gallitgun.wav
D:\SteamLibrary\steamapps\common\Half-Life\esf\sound\cell2\gallitgunfire.wav
D:\SteamLibrary\steamapps\common\Half-Life\esf\sound\cell2\ha.wav
D:\SteamLibrary\steamapps\common\Half-Life\esf\sound\cell2\kamehame.wav
D:\SteamLibrary\steamapps\common\Half-Life\esf\sound\cell2\pain1.wav
D:\SteamLibrary\steamapps\common\Half-Life\esf\sound\cell2\pain2.wav
D:\SteamLibrary\steamapps\common\Half-Life\esf\sound\cell2\pain3.wav
D:\SteamLibrary\steamapps\common\Half-Life\esf\sound\cell2\pain4.wav
D:\SteamLibrary\steamapps\common\Half-Life\esf\sound\cell2\pscream.wav
D:\SteamLibrary\steamapps\common\Half-Life\esf\sound\cell2\scream.wav
D:\SteamLibrary\steamapps\common\Half-Life\esf\sound\cell2\scream2.wav
D:\SteamLibrary\steamapps\common\Half-Life\esf\sound\cell2\solarflare.wav
D:\SteamLibrary\steamapps\common\Half-Life\esf\sound\cell2\specialbeamcannon.wav
D:\SteamLibrary\steamapps\common\Half-Life\esf\sound\cell2\trans.wav
D:\SteamLibrary\steamapps\common\Half-Life\esf\sound\cell2\trans2.wav
D:\SteamLibrary\steamapps\common\Half-Life\esf\sound\dragon\
D:\SteamLibrary\steamapps\common\Half-Life\esf\sound\dragon\grantwish.wav
D:\SteamLibrary\steamapps\common\Half-Life\esf\sound\dragon\makewish1.wav
D:\SteamLibrary\steamapps\common\Half-Life\esf\sound\fatbuu\
D:\SteamLibrary\steamapps\common\Half-Life\esf\sound\fatbuu\candyeat.wav
D:\SteamLibrary\steamapps\common\Half-Life\esf\sound\fatbuu\death.wav
D:\SteamLibrary\steamapps\common\Half-Life\esf\sound\fatbuu\mouthbeam.wav
D:\SteamLibrary\steamapps\common\Half-Life\esf\sound\fatbuu\mouthbeam_charge.wav
D:\SteamLibrary\steamapps\common\Half-Life\esf\sound\fatbuu\pain1.wav
D:\SteamLibrary\steamapps\common\Half-Life\esf\sound\fatbuu\pain2.wav
D:\SteamLibrary\steamapps\common\Half-Life\esf\sound\fatbuu\pain3.wav
D:\SteamLibrary\steamapps\common\Half-Life\esf\sound\fatbuu\pain4.wav
D:\SteamLibrary\steamapps\common\Half-Life\esf\sound\fatbuu\scream.wav
D:\SteamLibrary\steamapps\common\Half-Life\esf\sound\fatbuu\scream2.wav
D:\SteamLibrary\steamapps\common\Half-Life\esf\sound\fatbuu\trans.wav
D:\SteamLibrary\steamapps\common\Half-Life\esf\sound\fatbuu\trans2.wav
D:\SteamLibrary\steamapps\common\Half-Life\esf\sound\frieza\
D:\SteamLibrary\steamapps\common\Half-Life\esf\sound\frieza\death.wav
D:\SteamLibrary\steamapps\common\Half-Life\esf\sound\frieza\deathball.wav
D:\SteamLibrary\steamapps\common\Half-Life\esf\sound\frieza\pain1.wav
D:\SteamLibrary\steamapps\common\Half-Life\esf\sound\frieza\pain2.wav
D:\SteamLibrary\steamapps\common\Half-Life\esf\sound\frieza\pain3.wav
D:\SteamLibrary\steamapps\common\Half-Life\esf\sound\frieza\pain4.wav
D:\SteamLibrary\steamapps\common\Half-Life\esf\sound\frieza\pscream.wav
D:\SteamLibrary\steamapps\common\Half-Life\esf\sound\frieza\scream.wav
D:\SteamLibrary\steamapps\common\Half-Life\esf\sound\frieza\scream2.wav
D:\SteamLibrary\steamapps\common\Half-Life\esf\sound\frieza\telekinesis.wav
D:\SteamLibrary\steamapps\common\Half-Life\esf\sound\frieza\telekinesis_charge.wav
D:\SteamLibrary\steamapps\common\Half-Life\esf\sound\frieza\trans.wav
D:\SteamLibrary\steamapps\common\Half-Life\esf\sound\frieza\trans2.wav
D:\SteamLibrary\steamapps\common\Half-Life\esf\sound\gohan\
D:\SteamLibrary\steamapps\common\Half-Life\esf\sound\gohan\death.wav
D:\SteamLibrary\steamapps\common\Half-Life\esf\sound\gohan\ha.wav
D:\SteamLibrary\steamapps\common\Half-Life\esf\sound\gohan\kamehame.wav
D:\SteamLibrary\steamapps\common\Half-Life\esf\sound\gohan\pain1.wav
D:\SteamLibrary\steamapps\common\Half-Life\esf\sound\gohan\pain2.wav
D:\SteamLibrary\steamapps\common\Half-Life\esf\sound\gohan\pain3.wav
D:\SteamLibrary\steamapps\common\Half-Life\esf\sound\gohan\pain4.wav
D:\SteamLibrary\steamapps\common\Half-Life\esf\sound\gohan\powerbeam.wav
D:\SteamLibrary\steamapps\common\Half-Life\esf\sound\gohan\powerbeamha.wav
D:\SteamLibrary\steamapps\common\Half-Life\esf\sound\gohan\pscream.wav
D:\SteamLibrary\steamapps\common\Half-Life\esf\sound\gohan\scream.wav
D:\SteamLibrary\steamapps\common\Half-Life\esf\sound\gohan\scream2.wav
D:\SteamLibrary\steamapps\common\Half-Life\esf\sound\gohan\shield.wav
D:\SteamLibrary\steamapps\common\Half-Life\esf\sound\gohan\shield_charge.wav
D:\SteamLibrary\steamapps\common\Half-Life\esf\sound\gohan\trans.wav
D:\SteamLibrary\steamapps\common\Half-Life\esf\sound\gohan\trans2.wav
D:\SteamLibrary\steamapps\common\Half-Life\esf\sound\goku\
D:\SteamLibrary\steamapps\common\Half-Life\esf\sound\goku\death.wav
D:\SteamLibrary\steamapps\common\Half-Life\esf\sound\goku\ha.wav
D:\SteamLibrary\steamapps\common\Half-Life\esf\sound\goku\kamehame.wav
D:\SteamLibrary\steamapps\common\Half-Life\esf\sound\goku\pain1.wav
D:\SteamLibrary\steamapps\common\Half-Life\esf\sound\goku\pain2.wav
D:\SteamLibrary\steamapps\common\Half-Life\esf\sound\goku\pain3.wav
D:\SteamLibrary\steamapps\common\Half-Life\esf\sound\goku\pain4.wav
D:\SteamLibrary\steamapps\common\Half-Life\esf\sound\goku\pscream.wav
D:\SteamLibrary\steamapps\common\Half-Life\esf\sound\goku\scream.wav
D:\SteamLibrary\steamapps\common\Half-Life\esf\sound\goku\scream2.wav
D:\SteamLibrary\steamapps\common\Half-Life\esf\sound\goku\solarflare.wav
D:\SteamLibrary\steamapps\common\Half-Life\esf\sound\goku\spiritbomb2_charge.wav
D:\SteamLibrary\steamapps\common\Half-Life\esf\sound\goku\spiritbomb_charge.wav
D:\SteamLibrary\steamapps\common\Half-Life\esf\sound\goku\spiritbomb_shoot.wav
D:\SteamLibrary\steamapps\common\Half-Life\esf\sound\goku\trans.wav
D:\SteamLibrary\steamapps\common\Half-Life\esf\sound\goku\trans2.wav
D:\SteamLibrary\steamapps\common\Half-Life\esf\sound\krillin\
D:\SteamLibrary\steamapps\common\Half-Life\esf\sound\krillin\death.wav
D:\SteamLibrary\steamapps\common\Half-Life\esf\sound\krillin\destructodisc.wav
D:\SteamLibrary\steamapps\common\Half-Life\esf\sound\krillin\destructodisc_charge.wav
D:\SteamLibrary\steamapps\common\Half-Life\esf\sound\krillin\ha.wav
D:\SteamLibrary\steamapps\common\Half-Life\esf\sound\krillin\kamehame.wav
D:\SteamLibrary\steamapps\common\Half-Life\esf\sound\krillin\pain1.wav
D:\SteamLibrary\steamapps\common\Half-Life\esf\sound\krillin\pain2.wav
D:\SteamLibrary\steamapps\common\Half-Life\esf\sound\krillin\pain3.wav
D:\SteamLibrary\steamapps\common\Half-Life\esf\sound\krillin\pain4.wav
D:\SteamLibrary\steamapps\common\Half-Life\esf\sound\krillin\pscream.wav
D:\SteamLibrary\steamapps\common\Half-Life\esf\sound\krillin\scatterbeamha.wav
D:\SteamLibrary\steamapps\common\Half-Life\esf\sound\krillin\scatterbeamha_charge.wav
D:\SteamLibrary\steamapps\common\Half-Life\esf\sound\krillin\scream.wav
D:\SteamLibrary\steamapps\common\Half-Life\esf\sound\krillin\scream2.wav
D:\SteamLibrary\steamapps\common\Half-Life\esf\sound\krillin\solarflare.wav
D:\SteamLibrary\steamapps\common\Half-Life\esf\sound\krillin\trans.wav
D:\SteamLibrary\steamapps\common\Half-Life\esf\sound\krillin\trans2.wav
D:\SteamLibrary\steamapps\common\Half-Life\esf\sound\piccolo\
D:\SteamLibrary\steamapps\common\Half-Life\esf\sound\piccolo\death.wav
D:\SteamLibrary\steamapps\common\Half-Life\esf\sound\piccolo\ha.wav
D:\SteamLibrary\steamapps\common\Half-Life\esf\sound\piccolo\masenko.wav
D:\SteamLibrary\steamapps\common\Half-Life\esf\sound\piccolo\pain1.wav
D:\SteamLibrary\steamapps\common\Half-Life\esf\sound\piccolo\pain2.wav
D:\SteamLibrary\steamapps\common\Half-Life\esf\sound\piccolo\pain3.wav
D:\SteamLibrary\steamapps\common\Half-Life\esf\sound\piccolo\pain4.wav
D:\SteamLibrary\steamapps\common\Half-Life\esf\sound\piccolo\pscream.wav
D:\SteamLibrary\steamapps\common\Half-Life\esf\sound\piccolo\scream.wav
D:\SteamLibrary\steamapps\common\Half-Life\esf\sound\piccolo\scream2.wav
D:\SteamLibrary\steamapps\common\Half-Life\esf\sound\piccolo\specialbeamcannon.wav
D:\SteamLibrary\steamapps\common\Half-Life\esf\sound\piccolo\trans.wav
D:\SteamLibrary\steamapps\common\Half-Life\esf\sound\piccolo\trans2.wav
D:\SteamLibrary\steamapps\common\Half-Life\esf\sound\player\
D:\SteamLibrary\steamapps\common\Half-Life\esf\sound\player\pl_step1.wav
D:\SteamLibrary\steamapps\common\Half-Life\esf\sound\player\pl_step2.wav
D:\SteamLibrary\steamapps\common\Half-Life\esf\sound\player\pl_step3.wav
D:\SteamLibrary\steamapps\common\Half-Life\esf\sound\player\pl_step4.wav
D:\SteamLibrary\steamapps\common\Half-Life\esf\sound\trunks\
D:\SteamLibrary\steamapps\common\Half-Life\esf\sound\trunks\burning.wav
D:\SteamLibrary\steamapps\common\Half-Life\esf\sound\trunks\burning_charge.wav
D:\SteamLibrary\steamapps\common\Half-Life\esf\sound\trunks\buster.wav
D:\SteamLibrary\steamapps\common\Half-Life\esf\sound\trunks\buster_charge.wav
D:\SteamLibrary\steamapps\common\Half-Life\esf\sound\trunks\death.wav
D:\SteamLibrary\steamapps\common\Half-Life\esf\sound\trunks\pain1.wav
D:\SteamLibrary\steamapps\common\Half-Life\esf\sound\trunks\pain2.wav
D:\SteamLibrary\steamapps\common\Half-Life\esf\sound\trunks\pain3.wav
D:\SteamLibrary\steamapps\common\Half-Life\esf\sound\trunks\pain4.wav
D:\SteamLibrary\steamapps\common\Half-Life\esf\sound\trunks\pscream.wav
D:\SteamLibrary\steamapps\common\Half-Life\esf\sound\trunks\scream.wav
D:\SteamLibrary\steamapps\common\Half-Life\esf\sound\trunks\scream2.wav
D:\SteamLibrary\steamapps\common\Half-Life\esf\sound\trunks\trans.wav
D:\SteamLibrary\steamapps\common\Half-Life\esf\sound\trunks\trans2.wav
D:\SteamLibrary\steamapps\common\Half-Life\esf\sound\Ui\
D:\SteamLibrary\steamapps\common\Half-Life\esf\sound\Ui\buttonclick.wav
D:\SteamLibrary\steamapps\common\Half-Life\esf\sound\Ui\buttonclickrelease.wav
D:\SteamLibrary\steamapps\common\Half-Life\esf\sound\Ui\buttonrollover.wav
D:\SteamLibrary\steamapps\common\Half-Life\esf\sound\vegeta\
D:\SteamLibrary\steamapps\common\Half-Life\esf\sound\vegeta\bigbang.wav
D:\SteamLibrary\steamapps\common\Half-Life\esf\sound\vegeta\bigbang_charge.wav
D:\SteamLibrary\steamapps\common\Half-Life\esf\sound\vegeta\death.wav
D:\SteamLibrary\steamapps\common\Half-Life\esf\sound\vegeta\finalflash.wav
D:\SteamLibrary\steamapps\common\Half-Life\esf\sound\vegeta\finalflash_charge.wav
D:\SteamLibrary\steamapps\common\Half-Life\esf\sound\vegeta\gallitgun.wav
D:\SteamLibrary\steamapps\common\Half-Life\esf\sound\vegeta\gallitgunfire.wav
D:\SteamLibrary\steamapps\common\Half-Life\esf\sound\vegeta\pain1.wav
D:\SteamLibrary\steamapps\common\Half-Life\esf\sound\vegeta\pain2.wav
D:\SteamLibrary\steamapps\common\Half-Life\esf\sound\vegeta\pain3.wav
D:\SteamLibrary\steamapps\common\Half-Life\esf\sound\vegeta\pain4.wav
D:\SteamLibrary\steamapps\common\Half-Life\esf\sound\vegeta\pscream.wav
D:\SteamLibrary\steamapps\common\Half-Life\esf\sound\vegeta\renzoku.wav
D:\SteamLibrary\steamapps\common\Half-Life\esf\sound\vegeta\scream.wav
D:\SteamLibrary\steamapps\common\Half-Life\esf\sound\vegeta\scream2.wav
D:\SteamLibrary\steamapps\common\Half-Life\esf\sound\vegeta\trans.wav
D:\SteamLibrary\steamapps\common\Half-Life\esf\sound\vegeta\trans2.wav
D:\SteamLibrary\steamapps\common\Half-Life\esf\sound\weapons\
D:\SteamLibrary\steamapps\common\Half-Life\esf\sound\weapons\airrecover.wav
D:\SteamLibrary\steamapps\common\Half-Life\esf\sound\weapons\aura.wav
D:\SteamLibrary\steamapps\common\Half-Life\esf\sound\weapons\basicbeam_charge.wav
D:\SteamLibrary\steamapps\common\Half-Life\esf\sound\weapons\basicbeam_chargeoriginal.wav
D:\SteamLibrary\steamapps\common\Half-Life\esf\sound\weapons\basicbeam_fire.wav
D:\SteamLibrary\steamapps\common\Half-Life\esf\sound\weapons\beamfire.wav
D:\SteamLibrary\steamapps\common\Half-Life\esf\sound\weapons\beamhead.wav
D:\SteamLibrary\steamapps\common\Half-Life\esf\sound\weapons\bigbang_fire.wav
D:\SteamLibrary\steamapps\common\Half-Life\esf\sound\weapons\burning_charge.wav
D:\SteamLibrary\steamapps\common\Half-Life\esf\sound\weapons\burning_fire.wav
D:\SteamLibrary\steamapps\common\Half-Life\esf\sound\weapons\buster_fire.wav
D:\SteamLibrary\steamapps\common\Half-Life\esf\sound\weapons\candyattack.wav
D:\SteamLibrary\steamapps\common\Half-Life\esf\sound\weapons\candypop.wav
D:\SteamLibrary\steamapps\common\Half-Life\esf\sound\weapons\chainswoop.wav
D:\SteamLibrary\steamapps\common\Half-Life\esf\sound\weapons\db_flying.wav
D:\SteamLibrary\steamapps\common\Half-Life\esf\sound\weapons\db_glowing.wav
D:\SteamLibrary\steamapps\common\Half-Life\esf\sound\weapons\deathball_charge.wav
D:\SteamLibrary\steamapps\common\Half-Life\esf\sound\weapons\deathball_fire.wav
D:\SteamLibrary\steamapps\common\Half-Life\esf\sound\weapons\deathfall.wav
D:\SteamLibrary\steamapps\common\Half-Life\esf\sound\weapons\descend.wav
D:\SteamLibrary\steamapps\common\Half-Life\esf\sound\weapons\destructodisc_charge.wav
D:\SteamLibrary\steamapps\common\Half-Life\esf\sound\weapons\disckill.wav
D:\SteamLibrary\steamapps\common\Half-Life\esf\sound\weapons\disc_fire.wav
D:\SteamLibrary\steamapps\common\Half-Life\esf\sound\weapons\explosion.wav
D:\SteamLibrary\steamapps\common\Half-Life\esf\sound\weapons\eyebeam_fire.wav
D:\SteamLibrary\steamapps\common\Half-Life\esf\sound\weapons\finalflash.wav
D:\SteamLibrary\steamapps\common\Half-Life\esf\sound\weapons\finalflash_charge.wav
D:\SteamLibrary\steamapps\common\Half-Life\esf\sound\weapons\fingerlaser.wav
D:\SteamLibrary\steamapps\common\Half-Life\esf\sound\weapons\groundhit.wav
D:\SteamLibrary\steamapps\common\Half-Life\esf\sound\weapons\groundhit2.wav
D:\SteamLibrary\steamapps\common\Half-Life\esf\sound\weapons\groundrecover.wav
D:\SteamLibrary\steamapps\common\Half-Life\esf\sound\weapons\jump.wav
D:\SteamLibrary\steamapps\common\Half-Life\esf\sound\weapons\kamehameha_fire.wav
D:\SteamLibrary\steamapps\common\Half-Life\esf\sound\weapons\kame_charge.wav
D:\SteamLibrary\steamapps\common\Half-Life\esf\sound\weapons\kiblast.wav
D:\SteamLibrary\steamapps\common\Half-Life\esf\sound\weapons\kiplosion.wav
D:\SteamLibrary\steamapps\common\Half-Life\esf\sound\weapons\mase_charge.wav
D:\SteamLibrary\steamapps\common\Half-Life\esf\sound\weapons\mediumkick.wav
D:\SteamLibrary\steamapps\common\Half-Life\esf\sound\weapons\mediumpunch.wav
D:\SteamLibrary\steamapps\common\Half-Life\esf\sound\weapons\meleeflash.wav
D:\SteamLibrary\steamapps\common\Half-Life\esf\sound\weapons\meleemiss1.wav
D:\SteamLibrary\steamapps\common\Half-Life\esf\sound\weapons\meleemiss2.wav
D:\SteamLibrary\steamapps\common\Half-Life\esf\sound\weapons\meleemiss3.wav
D:\SteamLibrary\steamapps\common\Half-Life\esf\sound\weapons\meleestruggleinit.wav
D:\SteamLibrary\steamapps\common\Half-Life\esf\sound\weapons\meleestruggletie.wav
D:\SteamLibrary\steamapps\common\Half-Life\esf\sound\weapons\melt.wav
D:\SteamLibrary\steamapps\common\Half-Life\esf\sound\weapons\miscdisc_charge.wav
D:\SteamLibrary\steamapps\common\Half-Life\esf\sound\weapons\powerup.wav
D:\SteamLibrary\steamapps\common\Half-Life\esf\sound\weapons\prepunch1.wav
D:\SteamLibrary\steamapps\common\Half-Life\esf\sound\weapons\presword1.wav
D:\SteamLibrary\steamapps\common\Half-Life\esf\sound\weapons\recoverjump.wav
D:\SteamLibrary\steamapps\common\Half-Life\esf\sound\weapons\reflect.wav
D:\SteamLibrary\steamapps\common\Half-Life\esf\sound\weapons\regen.wav
D:\SteamLibrary\steamapps\common\Half-Life\esf\sound\weapons\rotating.wav
D:\SteamLibrary\steamapps\common\Half-Life\esf\sound\weapons\sbc_charge.wav
D:\SteamLibrary\steamapps\common\Half-Life\esf\sound\weapons\sbc_fire.wav
D:\SteamLibrary\steamapps\common\Half-Life\esf\sound\weapons\scatterbeam.wav
D:\SteamLibrary\steamapps\common\Half-Life\esf\sound\weapons\scouter.wav
D:\SteamLibrary\steamapps\common\Half-Life\esf\sound\weapons\sensu.wav
D:\SteamLibrary\steamapps\common\Half-Life\esf\sound\weapons\sheathe.wav
D:\SteamLibrary\steamapps\common\Half-Life\esf\sound\weapons\shield.wav
D:\SteamLibrary\steamapps\common\Half-Life\esf\sound\weapons\shieldha.wav
D:\SteamLibrary\steamapps\common\Half-Life\esf\sound\weapons\solarflare.wav
D:\SteamLibrary\steamapps\common\Half-Life\esf\sound\weapons\spin.wav
D:\SteamLibrary\steamapps\common\Half-Life\esf\sound\weapons\spiritbomb_fire.wav
D:\SteamLibrary\steamapps\common\Half-Life\esf\sound\weapons\strongkick.wav
D:\SteamLibrary\steamapps\common\Half-Life\esf\sound\weapons\strongpunch.wav
D:\SteamLibrary\steamapps\common\Half-Life\esf\sound\weapons\swoop.wav
D:\SteamLibrary\steamapps\common\Half-Life\esf\sound\weapons\swoophit.wav
D:\SteamLibrary\steamapps\common\Half-Life\esf\sound\weapons\swordhit.wav
D:\SteamLibrary\steamapps\common\Half-Life\esf\sound\weapons\swordkill.wav
D:\SteamLibrary\steamapps\common\Half-Life\esf\sound\weapons\telekinesis_charge.wav
D:\SteamLibrary\steamapps\common\Half-Life\esf\sound\weapons\telekinesis_fire.wav
D:\SteamLibrary\steamapps\common\Half-Life\esf\sound\weapons\teleport.wav
D:\SteamLibrary\steamapps\common\Half-Life\esf\sound\weapons\throw.wav
D:\SteamLibrary\steamapps\common\Half-Life\esf\sound\weapons\wallhit.wav
D:\SteamLibrary\steamapps\common\Half-Life\esf\sound\weapons\walljumps.wav
D:\SteamLibrary\steamapps\common\Half-Life\esf\sound\weapons\weakkick.wav
D:\SteamLibrary\steamapps\common\Half-Life\esf\sound\weapons\weakpunch.wav
D:\SteamLibrary\steamapps\common\Half-Life\esf\sprites\
D:\SteamLibrary\steamapps\common\Half-Life\esf\sprites\320arrows.spr
D:\SteamLibrary\steamapps\common\Half-Life\esf\sprites\320bbsel.spr
D:\SteamLibrary\steamapps\common\Half-Life\esf\sprites\320beanbar.spr
D:\SteamLibrary\steamapps\common\Half-Life\esf\sprites\320Block.spr
D:\SteamLibrary\steamapps\common\Half-Life\esf\sprites\320blocku.spr
D:\SteamLibrary\steamapps\common\Half-Life\esf\sprites\320bodypart.spr
D:\SteamLibrary\steamapps\common\Half-Life\esf\sprites\320burningsel.spr
D:\SteamLibrary\steamapps\common\Half-Life\esf\sprites\320buster.spr
D:\SteamLibrary\steamapps\common\Half-Life\esf\sprites\320buu.spr
D:\SteamLibrary\steamapps\common\Half-Life\esf\sprites\320candy.spr
D:\SteamLibrary\steamapps\common\Half-Life\esf\sprites\320cell.spr
D:\SteamLibrary\steamapps\common\Half-Life\esf\sprites\320cffront.spr
D:\SteamLibrary\steamapps\common\Half-Life\esf\sprites\320chargeline.spr
D:\SteamLibrary\steamapps\common\Half-Life\esf\sprites\320chargering.spr
D:\SteamLibrary\steamapps\common\Half-Life\esf\sprites\320comma.spr
D:\SteamLibrary\steamapps\common\Half-Life\esf\sprites\320crosshair.spr
D:\SteamLibrary\steamapps\common\Half-Life\esf\sprites\320dbsel.spr
D:\SteamLibrary\steamapps\common\Half-Life\esf\sprites\320ddsel.spr
D:\SteamLibrary\steamapps\common\Half-Life\esf\sprites\320dot1.spr
D:\SteamLibrary\steamapps\common\Half-Life\esf\sprites\320dot2.spr
D:\SteamLibrary\steamapps\common\Half-Life\esf\sprites\320dot3.spr
D:\SteamLibrary\steamapps\common\Half-Life\esf\sprites\320dot4.spr
D:\SteamLibrary\steamapps\common\Half-Life\esf\sprites\320dragonballsel.spr
D:\SteamLibrary\steamapps\common\Half-Life\esf\sprites\320elsel.spr
D:\SteamLibrary\steamapps\common\Half-Life\esf\sprites\320fdsel.spr
D:\SteamLibrary\steamapps\common\Half-Life\esf\sprites\320ffsel.spr
D:\SteamLibrary\steamapps\common\Half-Life\esf\sprites\320flsel.spr
D:\SteamLibrary\steamapps\common\Half-Life\esf\sprites\320followsel.spr
D:\SteamLibrary\steamapps\common\Half-Life\esf\sprites\320frieza.spr
D:\SteamLibrary\steamapps\common\Half-Life\esf\sprites\320genbeam.spr
D:\SteamLibrary\steamapps\common\Half-Life\esf\sprites\320ggsel.spr
D:\SteamLibrary\steamapps\common\Half-Life\esf\sprites\320gohan.spr
D:\SteamLibrary\steamapps\common\Half-Life\esf\sprites\320goku.spr
D:\SteamLibrary\steamapps\common\Half-Life\esf\sprites\320healthline.spr
D:\SteamLibrary\steamapps\common\Half-Life\esf\sprites\320hud2.spr
D:\SteamLibrary\steamapps\common\Half-Life\esf\sprites\320hud3.spr
D:\SteamLibrary\steamapps\common\Half-Life\esf\sprites\320kamsel.spr
D:\SteamLibrary\steamapps\common\Half-Life\esf\sprites\320kiblastsel.spr
D:\SteamLibrary\steamapps\common\Half-Life\esf\sprites\320kifront.spr
D:\SteamLibrary\steamapps\common\Half-Life\esf\sprites\320kiline.spr
D:\SteamLibrary\steamapps\common\Half-Life\esf\sprites\320krillin.spr
D:\SteamLibrary\steamapps\common\Half-Life\esf\sprites\320kt.spr
D:\SteamLibrary\steamapps\common\Half-Life\esf\sprites\320lffront.spr
D:\SteamLibrary\steamapps\common\Half-Life\esf\sprites\320mainbar.spr
D:\SteamLibrary\steamapps\common\Half-Life\esf\sprites\320masenko.spr
D:\SteamLibrary\steamapps\common\Half-Life\esf\sprites\320mel.spr
D:\SteamLibrary\steamapps\common\Half-Life\esf\sprites\320meleetarget.spr
D:\SteamLibrary\steamapps\common\Half-Life\esf\sprites\320melsel.spr
D:\SteamLibrary\steamapps\common\Half-Life\esf\sprites\320mouthblast.spr
D:\SteamLibrary\steamapps\common\Half-Life\esf\sprites\320piccolo.spr
D:\SteamLibrary\steamapps\common\Half-Life\esf\sprites\320powerstruggle.spr
D:\SteamLibrary\steamapps\common\Half-Life\esf\sprites\320psline.spr
D:\SteamLibrary\steamapps\common\Half-Life\esf\sprites\320radarcenter.spr
D:\SteamLibrary\steamapps\common\Half-Life\esf\sprites\320radardot.spr
D:\SteamLibrary\steamapps\common\Half-Life\esf\sprites\320radarglass.spr
D:\SteamLibrary\steamapps\common\Half-Life\esf\sprites\320regen.spr
D:\SteamLibrary\steamapps\common\Half-Life\esf\sprites\320renzoku.spr
D:\SteamLibrary\steamapps\common\Half-Life\esf\sprites\320sbcsel.spr
D:\SteamLibrary\steamapps\common\Half-Life\esf\sprites\320sbsel.spr
D:\SteamLibrary\steamapps\common\Half-Life\esf\sprites\320scatsel.spr
D:\SteamLibrary\steamapps\common\Half-Life\esf\sprites\320scatterbeam.spr
D:\SteamLibrary\steamapps\common\Half-Life\esf\sprites\320scouter.spr
D:\SteamLibrary\steamapps\common\Half-Life\esf\sprites\320scouterglass.spr
D:\SteamLibrary\steamapps\common\Half-Life\esf\sprites\320scoutermetalmode1.spr
D:\SteamLibrary\steamapps\common\Half-Life\esf\sprites\320scoutermetalmode2.spr
D:\SteamLibrary\steamapps\common\Half-Life\esf\sprites\320scoutermetalmode3.spr
D:\SteamLibrary\steamapps\common\Half-Life\esf\sprites\320sensusel.spr
D:\SteamLibrary\steamapps\common\Half-Life\esf\sprites\320sfsel.spr
D:\SteamLibrary\steamapps\common\Half-Life\esf\sprites\320shield.spr
D:\SteamLibrary\steamapps\common\Half-Life\esf\sprites\320sword.spr
D:\SteamLibrary\steamapps\common\Half-Life\esf\sprites\320tel.spr
D:\SteamLibrary\steamapps\common\Half-Life\esf\sprites\320transform.spr
D:\SteamLibrary\steamapps\common\Half-Life\esf\sprites\320transformbar.spr
D:\SteamLibrary\steamapps\common\Half-Life\esf\sprites\320transformline.spr
D:\SteamLibrary\steamapps\common\Half-Life\esf\sprites\320trunks.spr
D:\SteamLibrary\steamapps\common\Half-Life\esf\sprites\320vegeta.spr
D:\SteamLibrary\steamapps\common\Half-Life\esf\sprites\640arrows.spr
D:\SteamLibrary\steamapps\common\Half-Life\esf\sprites\640bb.spr
D:\SteamLibrary\steamapps\common\Half-Life\esf\sprites\640bbsel.spr
D:\SteamLibrary\steamapps\common\Half-Life\esf\sprites\640beanbar.spr
D:\SteamLibrary\steamapps\common\Half-Life\esf\sprites\640block.spr
D:\SteamLibrary\steamapps\common\Half-Life\esf\sprites\640Blockadditive.spr
D:\SteamLibrary\steamapps\common\Half-Life\esf\sprites\640blocku.spr
D:\SteamLibrary\steamapps\common\Half-Life\esf\sprites\640bodypart.spr
D:\SteamLibrary\steamapps\common\Half-Life\esf\sprites\640burn.spr
D:\SteamLibrary\steamapps\common\Half-Life\esf\sprites\640burningsel.spr
D:\SteamLibrary\steamapps\common\Half-Life\esf\sprites\640buster.spr
D:\SteamLibrary\steamapps\common\Half-Life\esf\sprites\640buu.spr
D:\SteamLibrary\steamapps\common\Half-Life\esf\sprites\640candy.spr
D:\SteamLibrary\steamapps\common\Half-Life\esf\sprites\640cell.spr
D:\SteamLibrary\steamapps\common\Half-Life\esf\sprites\640cffront.spr
D:\SteamLibrary\steamapps\common\Half-Life\esf\sprites\640chargeline.spr
D:\SteamLibrary\steamapps\common\Half-Life\esf\sprites\640chargering.spr
D:\SteamLibrary\steamapps\common\Half-Life\esf\sprites\640comma.spr
D:\SteamLibrary\steamapps\common\Half-Life\esf\sprites\640crosshair.spr
D:\SteamLibrary\steamapps\common\Half-Life\esf\sprites\640dbsel.spr
D:\SteamLibrary\steamapps\common\Half-Life\esf\sprites\640ddsel.spr
D:\SteamLibrary\steamapps\common\Half-Life\esf\sprites\640dot1.spr
D:\SteamLibrary\steamapps\common\Half-Life\esf\sprites\640dot2.spr
D:\SteamLibrary\steamapps\common\Half-Life\esf\sprites\640dot3.spr
D:\SteamLibrary\steamapps\common\Half-Life\esf\sprites\640dot4.spr
D:\SteamLibrary\steamapps\common\Half-Life\esf\sprites\640dot5.spr
D:\SteamLibrary\steamapps\common\Half-Life\esf\sprites\640dot6.spr
D:\SteamLibrary\steamapps\common\Half-Life\esf\sprites\640dot7.spr
D:\SteamLibrary\steamapps\common\Half-Life\esf\sprites\640dragonballsel.spr
D:\SteamLibrary\steamapps\common\Half-Life\esf\sprites\640elsel.spr
D:\SteamLibrary\steamapps\common\Half-Life\esf\sprites\640fdsel.spr
D:\SteamLibrary\steamapps\common\Half-Life\esf\sprites\640ffsel.spr
D:\SteamLibrary\steamapps\common\Half-Life\esf\sprites\640flsel.spr
D:\SteamLibrary\steamapps\common\Half-Life\esf\sprites\640followsel.spr
D:\SteamLibrary\steamapps\common\Half-Life\esf\sprites\640frieza.spr
D:\SteamLibrary\steamapps\common\Half-Life\esf\sprites\640genbeam.spr
D:\SteamLibrary\steamapps\common\Half-Life\esf\sprites\640ggsel.spr
D:\SteamLibrary\steamapps\common\Half-Life\esf\sprites\640gohan.spr
D:\SteamLibrary\steamapps\common\Half-Life\esf\sprites\640goku.spr
D:\SteamLibrary\steamapps\common\Half-Life\esf\sprites\640healthline.spr
D:\SteamLibrary\steamapps\common\Half-Life\esf\sprites\640hud7.spr
D:\SteamLibrary\steamapps\common\Half-Life\esf\sprites\640hud8.spr
D:\SteamLibrary\steamapps\common\Half-Life\esf\sprites\640hudbean.spr
D:\SteamLibrary\steamapps\common\Half-Life\esf\sprites\640kamsel.spr
D:\SteamLibrary\steamapps\common\Half-Life\esf\sprites\640kiblastsel.spr
D:\SteamLibrary\steamapps\common\Half-Life\esf\sprites\640kifront.spr
D:\SteamLibrary\steamapps\common\Half-Life\esf\sprites\640kiline.spr
D:\SteamLibrary\steamapps\common\Half-Life\esf\sprites\640krillin.spr
D:\SteamLibrary\steamapps\common\Half-Life\esf\sprites\640kt.spr
D:\SteamLibrary\steamapps\common\Half-Life\esf\sprites\640lffront.spr
D:\SteamLibrary\steamapps\common\Half-Life\esf\sprites\640mainbar.spr
D:\SteamLibrary\steamapps\common\Half-Life\esf\sprites\640masenko.spr
D:\SteamLibrary\steamapps\common\Half-Life\esf\sprites\640meleetarget.spr
D:\SteamLibrary\steamapps\common\Half-Life\esf\sprites\640meleetext.spr
D:\SteamLibrary\steamapps\common\Half-Life\esf\sprites\640melsel.spr
D:\SteamLibrary\steamapps\common\Half-Life\esf\sprites\640mouthblast.spr
D:\SteamLibrary\steamapps\common\Half-Life\esf\sprites\640piccolo.spr
D:\SteamLibrary\steamapps\common\Half-Life\esf\sprites\640plfront.spr
D:\SteamLibrary\steamapps\common\Half-Life\esf\sprites\640powerstruggle.spr
D:\SteamLibrary\steamapps\common\Half-Life\esf\sprites\640psline.spr
D:\SteamLibrary\steamapps\common\Half-Life\esf\sprites\640radarcenter.spr
D:\SteamLibrary\steamapps\common\Half-Life\esf\sprites\640radardot.spr
D:\SteamLibrary\steamapps\common\Half-Life\esf\sprites\640radarglass.spr
D:\SteamLibrary\steamapps\common\Half-Life\esf\sprites\640regen.spr
D:\SteamLibrary\steamapps\common\Half-Life\esf\sprites\640renzoku.spr
D:\SteamLibrary\steamapps\common\Half-Life\esf\sprites\640sb.spr
D:\SteamLibrary\steamapps\common\Half-Life\esf\sprites\640sbc.spr
D:\SteamLibrary\steamapps\common\Half-Life\esf\sprites\640sbcsel.spr
D:\SteamLibrary\steamapps\common\Half-Life\esf\sprites\640sbsel.spr
D:\SteamLibrary\steamapps\common\Half-Life\esf\sprites\640scatsel.spr
D:\SteamLibrary\steamapps\common\Half-Life\esf\sprites\640scatterbeam.spr
D:\SteamLibrary\steamapps\common\Half-Life\esf\sprites\640scouter.spr
D:\SteamLibrary\steamapps\common\Half-Life\esf\sprites\640scouterglass.spr
D:\SteamLibrary\steamapps\common\Half-Life\esf\sprites\640scoutermetalmode1.spr
D:\SteamLibrary\steamapps\common\Half-Life\esf\sprites\640scoutermetalmode2.spr
D:\SteamLibrary\steamapps\common\Half-Life\esf\sprites\640scoutermetalmode3.spr
D:\SteamLibrary\steamapps\common\Half-Life\esf\sprites\640scouterrdrgrid.spr
D:\SteamLibrary\steamapps\common\Half-Life\esf\sprites\640sensusel.spr
D:\SteamLibrary\steamapps\common\Half-Life\esf\sprites\640sfsel.spr
D:\SteamLibrary\steamapps\common\Half-Life\esf\sprites\640shield.spr
D:\SteamLibrary\steamapps\common\Half-Life\esf\sprites\640sword.spr
D:\SteamLibrary\steamapps\common\Half-Life\esf\sprites\640tel.spr
D:\SteamLibrary\steamapps\common\Half-Life\esf\sprites\640transform.spr
D:\SteamLibrary\steamapps\common\Half-Life\esf\sprites\640transformbar.spr
D:\SteamLibrary\steamapps\common\Half-Life\esf\sprites\640transformline.spr
D:\SteamLibrary\steamapps\common\Half-Life\esf\sprites\640trunks.spr
D:\SteamLibrary\steamapps\common\Half-Life\esf\sprites\640vegeta.spr
D:\SteamLibrary\steamapps\common\Half-Life\esf\sprites\aura.spr
D:\SteamLibrary\steamapps\common\Half-Life\esf\sprites\auratrail.spr
D:\SteamLibrary\steamapps\common\Half-Life\esf\sprites\auraVRML.spr
D:\SteamLibrary\steamapps\common\Half-Life\esf\sprites\bbox.spr
D:\SteamLibrary\steamapps\common\Half-Life\esf\sprites\bbox_add.spr
D:\SteamLibrary\steamapps\common\Half-Life\esf\sprites\bigbanga.spr
D:\SteamLibrary\steamapps\common\Half-Life\esf\sprites\bigbangb.spr
D:\SteamLibrary\steamapps\common\Half-Life\esf\sprites\bigbangtrail.spr
D:\SteamLibrary\steamapps\common\Half-Life\esf\sprites\blobwhite.spr
D:\SteamLibrary\steamapps\common\Half-Life\esf\sprites\blobyellow.spr
D:\SteamLibrary\steamapps\common\Half-Life\esf\sprites\blueattack.spr
D:\SteamLibrary\steamapps\common\Half-Life\esf\sprites\blueattacka.spr
D:\SteamLibrary\steamapps\common\Half-Life\esf\sprites\blueattackastart.spr
D:\SteamLibrary\steamapps\common\Half-Life\esf\sprites\blueattackb.spr
D:\SteamLibrary\steamapps\common\Half-Life\esf\sprites\blueattackbstart.spr
D:\SteamLibrary\steamapps\common\Half-Life\esf\sprites\bluebar.spr
D:\SteamLibrary\steamapps\common\Half-Life\esf\sprites\bluecharge.spr
D:\SteamLibrary\steamapps\common\Half-Life\esf\sprites\blueexplosion.spr
D:\SteamLibrary\steamapps\common\Half-Life\esf\sprites\bluetrail.spr
D:\SteamLibrary\steamapps\common\Half-Life\esf\sprites\burningattacka.spr
D:\SteamLibrary\steamapps\common\Half-Life\esf\sprites\burningattackastart.spr
D:\SteamLibrary\steamapps\common\Half-Life\esf\sprites\burningattackb.spr
D:\SteamLibrary\steamapps\common\Half-Life\esf\sprites\burningattackbstart.spr
D:\SteamLibrary\steamapps\common\Half-Life\esf\sprites\burningattacktrail.spr
D:\SteamLibrary\steamapps\common\Half-Life\esf\sprites\buucandybeam.spr
D:\SteamLibrary\steamapps\common\Half-Life\esf\sprites\buucandybeamstart.spr
D:\SteamLibrary\steamapps\common\Half-Life\esf\sprites\candystart.spr
D:\SteamLibrary\steamapps\common\Half-Life\esf\sprites\candytrail.spr
D:\SteamLibrary\steamapps\common\Half-Life\esf\sprites\crosshair.spr
D:\SteamLibrary\steamapps\common\Half-Life\esf\sprites\deathball.spr
D:\SteamLibrary\steamapps\common\Half-Life\esf\sprites\destructodisc.spr
D:\SteamLibrary\steamapps\common\Half-Life\esf\sprites\destructodisk.spr
D:\SteamLibrary\steamapps\common\Half-Life\esf\sprites\dragonballtrail.spr
D:\SteamLibrary\steamapps\common\Half-Life\esf\sprites\dust.spr
D:\SteamLibrary\steamapps\common\Half-Life\esf\sprites\dust1.spr
D:\SteamLibrary\steamapps\common\Half-Life\esf\sprites\dust2.spr
D:\SteamLibrary\steamapps\common\Half-Life\esf\sprites\esf_tree1.spr
D:\SteamLibrary\steamapps\common\Half-Life\esf\sprites\esf_tree2.spr
D:\SteamLibrary\steamapps\common\Half-Life\esf\sprites\exp1.spr
D:\SteamLibrary\steamapps\common\Half-Life\esf\sprites\explosion.spr
D:\SteamLibrary\steamapps\common\Half-Life\esf\sprites\explosionbeam.spr
D:\SteamLibrary\steamapps\common\Half-Life\esf\sprites\explosionbluea.spr
D:\SteamLibrary\steamapps\common\Half-Life\esf\sprites\explosionblueb.spr
D:\SteamLibrary\steamapps\common\Half-Life\esf\sprites\explosionflare.spr
D:\SteamLibrary\steamapps\common\Half-Life\esf\sprites\explosionglow.spr
D:\SteamLibrary\steamapps\common\Half-Life\esf\sprites\explosionsplash.spr
D:\SteamLibrary\steamapps\common\Half-Life\esf\sprites\eyelaser.spr
D:\SteamLibrary\steamapps\common\Half-Life\esf\sprites\finalflasha.spr
D:\SteamLibrary\steamapps\common\Half-Life\esf\sprites\finalflashastart.spr
D:\SteamLibrary\steamapps\common\Half-Life\esf\sprites\finalflashb.spr
D:\SteamLibrary\steamapps\common\Half-Life\esf\sprites\finalflashbstart.spr
D:\SteamLibrary\steamapps\common\Half-Life\esf\sprites\finalflashcharge.spr
D:\SteamLibrary\steamapps\common\Half-Life\esf\sprites\finalflashtrail.spr
D:\SteamLibrary\steamapps\common\Half-Life\esf\sprites\fingerlaserbeam.spr
D:\SteamLibrary\steamapps\common\Half-Life\esf\sprites\fingerlasercharge.spr
D:\SteamLibrary\steamapps\common\Half-Life\esf\sprites\finishingbustera.spr
D:\SteamLibrary\steamapps\common\Half-Life\esf\sprites\finishingbusterb.spr
D:\SteamLibrary\steamapps\common\Half-Life\esf\sprites\finishingbustertrail.spr
D:\SteamLibrary\steamapps\common\Half-Life\esf\sprites\flare.spr
D:\SteamLibrary\steamapps\common\Half-Life\esf\sprites\flareb.spr
D:\SteamLibrary\steamapps\common\Half-Life\esf\sprites\followbeam.spr
D:\SteamLibrary\steamapps\common\Half-Life\esf\sprites\followbeamtrail.spr
D:\SteamLibrary\steamapps\common\Half-Life\esf\sprites\footskid.spr
D:\SteamLibrary\steamapps\common\Half-Life\esf\sprites\friezadisc.spr
D:\SteamLibrary\steamapps\common\Half-Life\esf\sprites\friezadisk.spr
D:\SteamLibrary\steamapps\common\Half-Life\esf\sprites\gallitguna.spr
D:\SteamLibrary\steamapps\common\Half-Life\esf\sprites\gallitgunastart.spr
D:\SteamLibrary\steamapps\common\Half-Life\esf\sprites\gallitgunb.spr
D:\SteamLibrary\steamapps\common\Half-Life\esf\sprites\gallitgunbstart.spr
D:\SteamLibrary\steamapps\common\Half-Life\esf\sprites\gallitguntrail.spr
D:\SteamLibrary\steamapps\common\Half-Life\esf\sprites\ggunaura.spr
D:\SteamLibrary\steamapps\common\Half-Life\esf\sprites\greenattacka.spr
D:\SteamLibrary\steamapps\common\Half-Life\esf\sprites\greenattackastart.spr
D:\SteamLibrary\steamapps\common\Half-Life\esf\sprites\greenattackb.spr
D:\SteamLibrary\steamapps\common\Half-Life\esf\sprites\greenattackbstart.spr
D:\SteamLibrary\steamapps\common\Half-Life\esf\sprites\greenbar.spr
D:\SteamLibrary\steamapps\common\Half-Life\esf\sprites\greencharge.spr
D:\SteamLibrary\steamapps\common\Half-Life\esf\sprites\greenexplosion.spr
D:\SteamLibrary\steamapps\common\Half-Life\esf\sprites\greentrail.spr
D:\SteamLibrary\steamapps\common\Half-Life\esf\sprites\grey.spr
D:\SteamLibrary\steamapps\common\Half-Life\esf\sprites\greybar.spr
D:\SteamLibrary\steamapps\common\Half-Life\esf\sprites\halo.spr
D:\SteamLibrary\steamapps\common\Half-Life\esf\sprites\hud.txt
D:\SteamLibrary\steamapps\common\Half-Life\esf\sprites\kamecharge.spr
D:\SteamLibrary\steamapps\common\Half-Life\esf\sprites\kamehamehaa.spr
D:\SteamLibrary\steamapps\common\Half-Life\esf\sprites\kamehamehaastart.spr
D:\SteamLibrary\steamapps\common\Half-Life\esf\sprites\kamehamehab.spr
D:\SteamLibrary\steamapps\common\Half-Life\esf\sprites\kamehamehabstart.spr
D:\SteamLibrary\steamapps\common\Half-Life\esf\sprites\kamehamehatrail.spr
D:\SteamLibrary\steamapps\common\Half-Life\esf\sprites\kiblast.spr
D:\SteamLibrary\steamapps\common\Half-Life\esf\sprites\kiblasta.spr
D:\SteamLibrary\steamapps\common\Half-Life\esf\sprites\kiblastb.spr
D:\SteamLibrary\steamapps\common\Half-Life\esf\sprites\kiblasttrail.spr
D:\SteamLibrary\steamapps\common\Half-Life\esf\sprites\lgtning.spr
D:\SteamLibrary\steamapps\common\Half-Life\esf\sprites\lightning.spr
D:\SteamLibrary\steamapps\common\Half-Life\esf\sprites\masenkoa.spr
D:\SteamLibrary\steamapps\common\Half-Life\esf\sprites\masenkoastart.spr
D:\SteamLibrary\steamapps\common\Half-Life\esf\sprites\masenkob.spr
D:\SteamLibrary\steamapps\common\Half-Life\esf\sprites\masenkobstart.spr
D:\SteamLibrary\steamapps\common\Half-Life\esf\sprites\masenkocharge.spr
D:\SteamLibrary\steamapps\common\Half-Life\esf\sprites\masenkotrail.spr
D:\SteamLibrary\steamapps\common\Half-Life\esf\sprites\meleeflash1.spr
D:\SteamLibrary\steamapps\common\Half-Life\esf\sprites\meleeflash2.spr
D:\SteamLibrary\steamapps\common\Half-Life\esf\sprites\mouthblasta.spr
D:\SteamLibrary\steamapps\common\Half-Life\esf\sprites\mouthblastastart.spr
D:\SteamLibrary\steamapps\common\Half-Life\esf\sprites\mouthblastb.spr
D:\SteamLibrary\steamapps\common\Half-Life\esf\sprites\mouthblastbstart.spr
D:\SteamLibrary\steamapps\common\Half-Life\esf\sprites\mouthblastcharge.spr
D:\SteamLibrary\steamapps\common\Half-Life\esf\sprites\mouthblasttrail.spr
D:\SteamLibrary\steamapps\common\Half-Life\esf\sprites\null.spr
D:\SteamLibrary\steamapps\common\Half-Life\esf\sprites\orangeexplosion.spr
D:\SteamLibrary\steamapps\common\Half-Life\esf\sprites\powerup.spr
D:\SteamLibrary\steamapps\common\Half-Life\esf\sprites\purpleattacka.spr
D:\SteamLibrary\steamapps\common\Half-Life\esf\sprites\purpleattackastart.spr
D:\SteamLibrary\steamapps\common\Half-Life\esf\sprites\purpleattackb.spr
D:\SteamLibrary\steamapps\common\Half-Life\esf\sprites\purpleattackbstart.spr
D:\SteamLibrary\steamapps\common\Half-Life\esf\sprites\purplecharge.spr
D:\SteamLibrary\steamapps\common\Half-Life\esf\sprites\purpleexplosion.spr
D:\SteamLibrary\steamapps\common\Half-Life\esf\sprites\purpletrail.spr
D:\SteamLibrary\steamapps\common\Half-Life\esf\sprites\rain.spr
D:\SteamLibrary\steamapps\common\Half-Life\esf\sprites\redattacka.spr
D:\SteamLibrary\steamapps\common\Half-Life\esf\sprites\redattackastart.spr
D:\SteamLibrary\steamapps\common\Half-Life\esf\sprites\redattackb.spr
D:\SteamLibrary\steamapps\common\Half-Life\esf\sprites\redattackbstart.spr
D:\SteamLibrary\steamapps\common\Half-Life\esf\sprites\redbar.spr
D:\SteamLibrary\steamapps\common\Half-Life\esf\sprites\redcharge.spr
D:\SteamLibrary\steamapps\common\Half-Life\esf\sprites\redexplosion.spr
D:\SteamLibrary\steamapps\common\Half-Life\esf\sprites\redtrail.spr
D:\SteamLibrary\steamapps\common\Half-Life\esf\sprites\ripple.spr
D:\SteamLibrary\steamapps\common\Half-Life\esf\sprites\ripplea.spr
D:\SteamLibrary\steamapps\common\Half-Life\esf\sprites\rippleb.spr
D:\SteamLibrary\steamapps\common\Half-Life\esf\sprites\rock1.spr
D:\SteamLibrary\steamapps\common\Half-Life\esf\sprites\rock2.spr
D:\SteamLibrary\steamapps\common\Half-Life\esf\sprites\rock3.spr
D:\SteamLibrary\steamapps\common\Half-Life\esf\sprites\rock4.spr
D:\SteamLibrary\steamapps\common\Half-Life\esf\sprites\rock5.spr
D:\SteamLibrary\steamapps\common\Half-Life\esf\sprites\rockVRML.spr
D:\SteamLibrary\steamapps\common\Half-Life\esf\sprites\sbca.spr
D:\SteamLibrary\steamapps\common\Half-Life\esf\sprites\sbcb.spr
D:\SteamLibrary\steamapps\common\Half-Life\esf\sprites\sbccharge.spr
D:\SteamLibrary\steamapps\common\Half-Life\esf\sprites\sbcorbita.spr
D:\SteamLibrary\steamapps\common\Half-Life\esf\sprites\sbcorbitb.spr
D:\SteamLibrary\steamapps\common\Half-Life\esf\sprites\sbcorbittrail.spr
D:\SteamLibrary\steamapps\common\Half-Life\esf\sprites\sbctrail.spr
D:\SteamLibrary\steamapps\common\Half-Life\esf\sprites\scatterbeama.spr
D:\SteamLibrary\steamapps\common\Half-Life\esf\sprites\scatterbeamb.spr
D:\SteamLibrary\steamapps\common\Half-Life\esf\sprites\scatterbeamtrail.spr
D:\SteamLibrary\steamapps\common\Half-Life\esf\sprites\shens_eyes.spr
D:\SteamLibrary\steamapps\common\Half-Life\esf\sprites\shield.spr
D:\SteamLibrary\steamapps\common\Half-Life\esf\sprites\shieldattack.spr
D:\SteamLibrary\steamapps\common\Half-Life\esf\sprites\smoke.spr
D:\SteamLibrary\steamapps\common\Half-Life\esf\sprites\spiritbomb.spr
D:\SteamLibrary\steamapps\common\Half-Life\esf\sprites\spiritbombcharge.spr
D:\SteamLibrary\steamapps\common\Half-Life\esf\sprites\splash.spr
D:\SteamLibrary\steamapps\common\Half-Life\esf\sprites\target.spr
D:\SteamLibrary\steamapps\common\Half-Life\esf\sprites\trail.spr
D:\SteamLibrary\steamapps\common\Half-Life\esf\sprites\tree1.spr
D:\SteamLibrary\steamapps\common\Half-Life\esf\sprites\tree2.spr
D:\SteamLibrary\steamapps\common\Half-Life\esf\sprites\tree3.spr
D:\SteamLibrary\steamapps\common\Half-Life\esf\sprites\tree4.spr
D:\SteamLibrary\steamapps\common\Half-Life\esf\sprites\tree5.spr
D:\SteamLibrary\steamapps\common\Half-Life\esf\sprites\voiceicon.spr
D:\SteamLibrary\steamapps\common\Half-Life\esf\sprites\watersplash1.spr
D:\SteamLibrary\steamapps\common\Half-Life\esf\sprites\watersplash2.spr
D:\SteamLibrary\steamapps\common\Half-Life\esf\sprites\weapon_bigbang.txt
D:\SteamLibrary\steamapps\common\Half-Life\esf\sprites\weapon_burningattack.txt
D:\SteamLibrary\steamapps\common\Half-Life\esf\sprites\weapon_candy.txt
D:\SteamLibrary\steamapps\common\Half-Life\esf\sprites\weapon_deathball.txt
D:\SteamLibrary\steamapps\common\Half-Life\esf\sprites\weapon_destructodisc.txt
D:\SteamLibrary\steamapps\common\Half-Life\esf\sprites\weapon_dragonball.txt
D:\SteamLibrary\steamapps\common\Half-Life\esf\sprites\weapon_eyelaser.txt
D:\SteamLibrary\steamapps\common\Half-Life\esf\sprites\weapon_finalflash.txt
D:\SteamLibrary\steamapps\common\Half-Life\esf\sprites\weapon_fingerlaser.txt
D:\SteamLibrary\steamapps\common\Half-Life\esf\sprites\weapon_finishingbuster.txt
D:\SteamLibrary\steamapps\common\Half-Life\esf\sprites\weapon_friezadisc.txt
D:\SteamLibrary\steamapps\common\Half-Life\esf\sprites\weapon_gallitgun.txt
D:\SteamLibrary\steamapps\common\Half-Life\esf\sprites\weapon_genericbeam.txt
D:\SteamLibrary\steamapps\common\Half-Life\esf\sprites\weapon_kamehameha.txt
D:\SteamLibrary\steamapps\common\Half-Life\esf\sprites\weapon_kametorpedo.txt
D:\SteamLibrary\steamapps\common\Half-Life\esf\sprites\weapon_kiblast.txt
D:\SteamLibrary\steamapps\common\Half-Life\esf\sprites\weapon_masenko.txt
D:\SteamLibrary\steamapps\common\Half-Life\esf\sprites\weapon_melee.txt
D:\SteamLibrary\steamapps\common\Half-Life\esf\sprites\weapon_mouthblast.txt
D:\SteamLibrary\steamapps\common\Half-Life\esf\sprites\weapon_powerbeam.txt
D:\SteamLibrary\steamapps\common\Half-Life\esf\sprites\weapon_regeneration.txt
D:\SteamLibrary\steamapps\common\Half-Life\esf\sprites\weapon_renzoku.txt
D:\SteamLibrary\steamapps\common\Half-Life\esf\sprites\weapon_scatterbeam.txt
D:\SteamLibrary\steamapps\common\Half-Life\esf\sprites\weapon_scattershot.txt
D:\SteamLibrary\steamapps\common\Half-Life\esf\sprites\weapon_sensu.txt
D:\SteamLibrary\steamapps\common\Half-Life\esf\sprites\weapon_sensubean.txt
D:\SteamLibrary\steamapps\common\Half-Life\esf\sprites\weapon_shieldattack.txt
D:\SteamLibrary\steamapps\common\Half-Life\esf\sprites\weapon_solarflare.txt
D:\SteamLibrary\steamapps\common\Half-Life\esf\sprites\weapon_specialbeamcannon.txt
D:\SteamLibrary\steamapps\common\Half-Life\esf\sprites\weapon_spiritbomb.txt
D:\SteamLibrary\steamapps\common\Half-Life\esf\sprites\weapon_sword.txt
D:\SteamLibrary\steamapps\common\Half-Life\esf\sprites\weapon_telekinesis.txt
D:\SteamLibrary\steamapps\common\Half-Life\esf\sprites\white.spr
D:\SteamLibrary\steamapps\common\Half-Life\esf\sprites\whiteexplosion.spr
D:\SteamLibrary\steamapps\common\Half-Life\esf\sprites\wsplash3.spr
D:\SteamLibrary\steamapps\common\Half-Life\esf\sprites\yellowattacka.spr
D:\SteamLibrary\steamapps\common\Half-Life\esf\sprites\yellowattackastart.spr
D:\SteamLibrary\steamapps\common\Half-Life\esf\sprites\yellowattackb.spr
D:\SteamLibrary\steamapps\common\Half-Life\esf\sprites\yellowattackbstart.spr
D:\SteamLibrary\steamapps\common\Half-Life\esf\sprites\yellowcharge.spr
D:\SteamLibrary\steamapps\common\Half-Life\esf\sprites\yellowexplosion.spr
D:\SteamLibrary\steamapps\common\Half-Life\esf\sprites\yellowtrail.spr
D:\SteamLibrary\steamapps\common\Half-Life\esf\tempdecal.wad
D:\SteamLibrary\steamapps\common\Half-Life\esf\textures\
D:\SteamLibrary\steamapps\common\Half-Life\esf\textures\esf_gero\
D:\SteamLibrary\steamapps\common\Half-Life\esf\textures\esf_gero\a1.png
D:\SteamLibrary\steamapps\common\Half-Life\esf\textures\esf_gero\a2.png
D:\SteamLibrary\steamapps\common\Half-Life\esf\textures\esf_gero\a3.png
D:\SteamLibrary\steamapps\common\Half-Life\esf\textures\esf_gero\a4.png
D:\SteamLibrary\steamapps\common\Half-Life\esf\textures\esf_gero\b1.png
D:\SteamLibrary\steamapps\common\Half-Life\esf\textures\esf_gero\b2.png
D:\SteamLibrary\steamapps\common\Half-Life\esf\textures\esf_gero\b3.png
D:\SteamLibrary\steamapps\common\Half-Life\esf\textures\esf_gero\b4.png
D:\SteamLibrary\steamapps\common\Half-Life\esf\textures\esf_gero\c1.png
D:\SteamLibrary\steamapps\common\Half-Life\esf\textures\esf_gero\c2.png
D:\SteamLibrary\steamapps\common\Half-Life\esf\textures\esf_gero\c3.png
D:\SteamLibrary\steamapps\common\Half-Life\esf\textures\esf_gero\c4.png
D:\SteamLibrary\steamapps\common\Half-Life\esf\textures\esf_gero\d1.png
D:\SteamLibrary\steamapps\common\Half-Life\esf\textures\esf_gero\d2.png
D:\SteamLibrary\steamapps\common\Half-Life\esf\textures\esf_gero\d3.png
D:\SteamLibrary\steamapps\common\Half-Life\esf\textures\esf_gero\d4.png
D:\SteamLibrary\steamapps\common\Half-Life\esf\textures\esf_gero\wall_0.png
D:\SteamLibrary\steamapps\common\Half-Life\esf\textures\esf_gero\wall_1.png
D:\SteamLibrary\steamapps\common\Half-Life\esf\textures\esf_gero\wall_2.png
D:\SteamLibrary\steamapps\common\Half-Life\esf\textures\esf_gero\wall_3.png
D:\SteamLibrary\steamapps\common\Half-Life\esf\textures\esf_gero\wall_4.png
D:\SteamLibrary\steamapps\common\Half-Life\esf\textures\esf_gero\wall_5.png
D:\SteamLibrary\steamapps\common\Half-Life\esf\textures\esf_gero\wall_6.png
D:\SteamLibrary\steamapps\common\Half-Life\esf\textures\esf_giant_forest\
D:\SteamLibrary\steamapps\common\Half-Life\esf\textures\esf_giant_forest\terra4.png
D:\SteamLibrary\steamapps\common\Half-Life\esf\textures\esf_nameks_revival\
D:\SteamLibrary\steamapps\common\Half-Life\esf\textures\esf_nameks_revival\namekx00x00.png
D:\SteamLibrary\steamapps\common\Half-Life\esf\textures\esf_nameks_revival\namekx00x01.png
D:\SteamLibrary\steamapps\common\Half-Life\esf\textures\esf_nameks_revival\namekx00x02.png
D:\SteamLibrary\steamapps\common\Half-Life\esf\textures\esf_nameks_revival\namekx00x03.png
D:\SteamLibrary\steamapps\common\Half-Life\esf\textures\esf_nameks_revival\namekx01x00.png
D:\SteamLibrary\steamapps\common\Half-Life\esf\textures\esf_nameks_revival\namekx01x01.png
D:\SteamLibrary\steamapps\common\Half-Life\esf\textures\esf_nameks_revival\namekx01x02.png
D:\SteamLibrary\steamapps\common\Half-Life\esf\textures\esf_nameks_revival\namekx01x03.png
D:\SteamLibrary\steamapps\common\Half-Life\esf\textures\esf_nameks_revival\namekx02x00.png
D:\SteamLibrary\steamapps\common\Half-Life\esf\textures\esf_nameks_revival\namekx02x01.png
D:\SteamLibrary\steamapps\common\Half-Life\esf\textures\esf_nameks_revival\namekx02x02.png
D:\SteamLibrary\steamapps\common\Half-Life\esf\textures\esf_nameks_revival\namekx02x03.png
D:\SteamLibrary\steamapps\common\Half-Life\esf\textures\esf_nameks_revival\namekx03x00.png
D:\SteamLibrary\steamapps\common\Half-Life\esf\textures\esf_nameks_revival\namekx03x01.png
D:\SteamLibrary\steamapps\common\Half-Life\esf\textures\esf_nameks_revival\namekx03x02.png
D:\SteamLibrary\steamapps\common\Half-Life\esf\textures\esf_nameks_revival\namekx03x03.png
D:\SteamLibrary\steamapps\common\Half-Life\esf\titles.txt
D:\SteamLibrary\steamapps\common\Half-Life\esf\Uninstall.exe
D:\SteamLibrary\steamapps\common\Half-Life\esf\user.scr
D:\SteamLibrary\steamapps\common\Half-Life\esf\voice_ban.dt
